#
# A fatal error has been detected by the Java Runtime Environment:
#
#  EXCEPTION_ACCESS_VIOLATION (0xc0000005) at pc=0x000002954c4dc1c9, pid=10568, tid=464
#
# JRE version: Java(TM) SE Runtime Environment 18.9 (11.0.12+8) (build 11.0.12+8-LTS-237)
# Java VM: Java HotSpot(TM) 64-Bit Server VM 18.9 (11.0.12+8-LTS-237, mixed mode, tiered, compressed oops, g1 gc, windows-amd64)
# Problematic frame:
# j  java.net.URL.openConnection()Ljava/net/URLConnection;+5 java.base@11.0.12
#
# No core dump will be written. Minidumps are not enabled by default on client versions of Windows
#
# If you would like to submit a bug report, please visit:
#   https://bugreport.java.com/bugreport/crash.jsp
#

---------------  S U M M A R Y ------------

Command Line: -agentlib:jdwp=transport=dt_socket,address=127.0.0.1:53021,suspend=y,server=n -javaagent:C:\Users\lcesa\AppData\Local\JetBrains\IdeaIC2021.2\captureAgent\debugger-agent.jar -Dfile.encoding=UTF-8 --module-path=C:\Users\lcesa\.m2\repository\org\openjfx\javafx-base\11.0.2\javafx-base-11.0.2-win.jar;C:\Users\lcesa\.m2\repository\org\openjfx\javafx-fxml\11.0.2\javafx-fxml-11.0.2-win.jar;C:\Users\lcesa\.m2\repository\org\openjfx\javafx-graphics\11.0.2\javafx-graphics-11.0.2-win.jar;C:\Users\lcesa\.m2\repository\org\openjfx\javafx-controls\11.0.2\javafx-controls-11.0.2-win.jar;C:\Programacao\GerenciadorDeGastos\target\classes -Djdk.module.main=com.example.gerenciadordegastos com.example.gerenciadordegastos/com.example.gerenciadordegastos.Main

Host: Intel(R) Core(TM) i5-5200U CPU @ 2.20GHz, 4 cores, 7G,  Windows 10 , 64 bit Build 19041 (10.0.19041.1706)
Time: Wed Jun 29 22:20:27 2022 Hora oficial do Brasil elapsed time: 24.249641 seconds (0d 0h 0m 24s)

---------------  T H R E A D  ---------------

Current thread (0x0000029564534000):  JavaThread "JavaFX Application Thread" [_thread_in_Java, id=464, stack(0x000000d66f700000,0x000000d66f800000)]

Stack: [0x000000d66f700000,0x000000d66f800000],  sp=0x000000d66f7fb5e8,  free space=1005k
Native frames: (J=compiled Java code, j=interpreted, Vv=VM code, C=native code)
C  0x000002954c4dc1c9


siginfo: EXCEPTION_ACCESS_VIOLATION (0xc0000005), reading address 0x000000006f616369


Register to memory mapping:

RIP=0x000002954c4dc1c9 is at code_begin+937 in an Interpreter codelet
invokevirtual  182 invokevirtual  [0x000002954c4dbe20, 0x000002954c4dc3e0]  1472 bytes
RAX=0x0 is NULL
RBX=0x000000000000000c is an unknown value
RCX=0x000000006f616361 is an unknown value
RDX=0x0000000080000002 is an unknown value
RSP=0x000000d66f7fb5e8 is pointing into the stack for thread: 0x0000029564534000
RBP=0x000000d66f7fb648 is pointing into the stack for thread: 0x0000029564534000
RSI=0x0 is NULL
RDI=
[error occurred during error reporting (printing register info), id 0xc0000005, EXCEPTION_ACCESS_VIOLATION (0xc0000005) at pc=0x00007ff9a1db7166]

Registers:
RAX=0x0000000000000000, RBX=0x000000000000000c, RCX=0x000000006f616361, RDX=0x0000000080000002
RSP=0x000000d66f7fb5e8, RBP=0x000000d66f7fb648, RSI=0x0000000000000000, RDI=0x00000000b0200021
R8 =0x0000000000000008, R9 =0x0000000000000006, R10=0x00007ff9a252c1c0, R11=0x000000d66f7fb5c0
R12=0x0000000000000000, R13=0x0000029562d91f9d, R14=0x000000d66f7fb658, R15=0x0000029564534000
RIP=0x000002954c4dc1c9, EFLAGS=0x0000000000010246

Top of Stack: (sp=0x000000d66f7fb5e8)
0x000000d66f7fb5e8:   000002954c4bc7f0 00000000892f22e0
0x000000d66f7fb5f8:   000000006f616361 000000d66f7fb600
0x000000d66f7fb608:   0000029562d91f9d 000000d66f7fb658
0x000000d66f7fb618:   0000029562f8e270 0000000000000000
0x000000d66f7fb628:   000000008695b568 0000029562d91fb8
0x000000d66f7fb638:   0000000000000000 000000d66f7fb658
0x000000d66f7fb648:   000000d66f7fb6a8 000002954c4bc7f0
0x000000d66f7fb658:   00000000892f22e0 000000d66f7fb660
0x000000d66f7fb668:   0000029562d921a1 000000d66f7fb6b8
0x000000d66f7fb678:   0000029562f8e270 0000000000000000
0x000000d66f7fb688:   000000008695b568 0000029562d921c0
0x000000d66f7fb698:   000000d66f7fb658 000000d66f7fb6b8
0x000000d66f7fb6a8:   000000d66f7fb708 000002954c4bc7f0
0x000000d66f7fb6b8:   00000000892f22e0 000000d66f7fb6c0
0x000000d66f7fb6c8:   000002956add02f7 000000d66f7fb738
0x000000d66f7fb6d8:   000002956ae01818 0000000000000000 

Instructions: (pc=0x000002954c4dc1c9)
0x000002954c4dc1a9:   49 03 c5 48 89 45 d8 4c 8d 6c 24 08 4c 89 6d f0
0x000002954c4dc1b9:   41 80 bf a8 04 00 00 00 74 03 ff 63 30 ff 63 48
0x000002954c4dc1c9:   8b 41 08 48 c1 e0 03 4c 8b 75 d8 4d 85 f6 0f 84
0x000002954c4dc1d9:   95 00 00 00 49 8b 56 18 48 3b d0 0f 85 0f 00 00 


Stack slot to memory mapping:
stack at sp + 0 slots: 0x000002954c4bc7f0 is at code_begin+6320 in an Interpreter codelet
invoke return entry points  [0x000002954c4baf40, 0x000002954c4bcfe0]  8352 bytes
stack at sp + 1 slots: 0x00000000892f22e0 is an oop: java.lang.String 
{0x00000000892f22e0} - klass: 'java/lang/String'
stack at sp + 2 slots: 0x000000006f616361 is an unknown value
stack at sp + 3 slots: 0x000000d66f7fb600 is pointing into the stack for thread: 0x0000029564534000
stack at sp + 4 slots: 0x0000029562d91f9d is pointing into metadata
stack at sp + 5 slots: 0x000000d66f7fb658 is pointing into the stack for thread: 0x0000029564534000
stack at sp + 6 slots: 0x0000029562f8e270 is pointing into metadata
stack at sp + 7 slots: 0x0 is NULL

invokevirtual  182 invokevirtual  [0x000002954c4dbe20, 0x000002954c4dc3e0]  1472 bytes

---------------  P R O C E S S  ---------------

Threads class SMR info:
_java_thread_list=0x0000029565bd4ee0, length=20, elements={
0x0000029543fe6800, 0x0000029562c71800, 0x0000029562c73000, 0x0000029563612800,
0x0000029562c85800, 0x0000029562c88000, 0x0000029562c8d000, 0x0000029562c8e000,
0x000002956365b000, 0x00000295440cd000, 0x0000029564622800, 0x000002956434f000,
0x0000029564655000, 0x0000029564f64800, 0x00000295658d9800, 0x0000029564534000,
0x0000029564313800, 0x00000295642fe800, 0x0000029565bdc800, 0x0000029564881000
}

Java Threads: ( => current thread )
  0x0000029543fe6800 JavaThread "main" [_thread_blocked, id=1780, stack(0x000000d66de00000,0x000000d66df00000)]
  0x0000029562c71800 JavaThread "Reference Handler" daemon [_thread_blocked, id=2960, stack(0x000000d66e500000,0x000000d66e600000)]
  0x0000029562c73000 JavaThread "Finalizer" daemon [_thread_blocked, id=9232, stack(0x000000d66e600000,0x000000d66e700000)]
  0x0000029563612800 JavaThread "Signal Dispatcher" daemon [_thread_blocked, id=5452, stack(0x000000d66e700000,0x000000d66e800000)]
  0x0000029562c85800 JavaThread "Attach Listener" daemon [_thread_blocked, id=7480, stack(0x000000d66e800000,0x000000d66e900000)]
  0x0000029562c88000 JavaThread "Service Thread" daemon [_thread_blocked, id=4548, stack(0x000000d66e900000,0x000000d66ea00000)]
  0x0000029562c8d000 JavaThread "C2 CompilerThread0" daemon [_thread_blocked, id=12588, stack(0x000000d66ea00000,0x000000d66eb00000)]
  0x0000029562c8e000 JavaThread "C1 CompilerThread0" daemon [_thread_blocked, id=7100, stack(0x000000d66eb00000,0x000000d66ec00000)]
  0x000002956365b000 JavaThread "Sweeper thread" daemon [_thread_blocked, id=1896, stack(0x000000d66ec00000,0x000000d66ed00000)]
  0x00000295440cd000 JavaThread "Common-Cleaner" daemon [_thread_blocked, id=11628, stack(0x000000d66ed00000,0x000000d66ee00000)]
  0x0000029564622800 JavaThread "JDWP Transport Listener: dt_socket" daemon [_thread_blocked, id=10224, stack(0x000000d66ef00000,0x000000d66f000000)]
  0x000002956434f000 JavaThread "JDWP Event Helper Thread" daemon [_thread_blocked, id=8824, stack(0x000000d66f000000,0x000000d66f100000)]
  0x0000029564655000 JavaThread "JDWP Command Reader" daemon [_thread_in_native, id=3744, stack(0x000000d66f100000,0x000000d66f200000)]
  0x0000029564f64800 JavaThread "QuantumRenderer-0" daemon [_thread_blocked, id=11796, stack(0x000000d66f400000,0x000000d66f500000)]
  0x00000295658d9800 JavaThread "InvokeLaterDispatcher" daemon [_thread_blocked, id=12272, stack(0x000000d66f600000,0x000000d66f700000)]
=>0x0000029564534000 JavaThread "JavaFX Application Thread" [_thread_in_Java, id=464, stack(0x000000d66f700000,0x000000d66f800000)]
  0x0000029564313800 JavaThread "Thread-1" daemon [_thread_in_native, id=10148, stack(0x000000d66fb00000,0x000000d66fc00000)]
  0x00000295642fe800 JavaThread "JavaFX-Launcher" [_thread_blocked, id=11184, stack(0x000000d66fc00000,0x000000d66fd00000)]
  0x0000029565bdc800 JavaThread "Prism Font Disposer" daemon [_thread_blocked, id=1696, stack(0x000000d66ff00000,0x000000d670000000)]
  0x0000029564881000 JavaThread "Cleaner-0" daemon [_thread_blocked, id=12608, stack(0x000000d670000000,0x000000d670100000)]

Other Threads:
  0x0000029562c4c800 VMThread "VM Thread" [stack: 0x000000d66e400000,0x000000d66e500000] [id=9892]
  0x00000295637b4800 WatcherThread [stack: 0x000000d66f200000,0x000000d66f300000] [id=11232]
  0x0000029543ffb800 GCTaskThread "GC Thread#0" [stack: 0x000000d66df00000,0x000000d66e000000] [id=3548]
  0x000002956412f800 GCTaskThread "GC Thread#1" [stack: 0x000000d66ee00000,0x000000d66ef00000] [id=12900]
  0x0000029563f53800 GCTaskThread "GC Thread#2" [stack: 0x000000d66f300000,0x000000d66f400000] [id=4228]
  0x0000029564786800 GCTaskThread "GC Thread#3" [stack: 0x000000d670100000,0x000000d670200000] [id=10732]
  0x000002954402c800 ConcurrentGCThread "G1 Main Marker" [stack: 0x000000d66e000000,0x000000d66e100000] [id=11352]
  0x000002954402e000 ConcurrentGCThread "G1 Conc#0" [stack: 0x000000d66e100000,0x000000d66e200000] [id=7844]
  0x00000295440c2000 ConcurrentGCThread "G1 Refine#0" [stack: 0x000000d66e200000,0x000000d66e300000] [id=2612]
  0x00000295440c3000 ConcurrentGCThread "G1 Young RemSet Sampling" [stack: 0x000000d66e300000,0x000000d66e400000] [id=12684]

Threads with active compile tasks:

VM state:not at safepoint (normal execution)

VM Mutex/Monitor currently owned by a thread: None

Heap address: 0x0000000081600000, size: 2026 MB, Compressed Oops mode: 32-bit
Narrow klass base: 0x0000000000000000, Narrow klass shift: 3
Compressed class space size: 1073741824 Address: 0x0000000100000000

Heap:
 garbage-first heap   total 131072K, used 11243K [0x0000000081600000, 0x0000000100000000)
  region size 1024K, 10 young (10240K), 6 survivors (6144K)
 Metaspace       used 21283K, capacity 21935K, committed 22016K, reserved 1069056K
  class space    used 2529K, capacity 2816K, committed 2816K, reserved 1048576K
Heap Regions: E=young(eden), S=young(survivor), O=old, HS=humongous(starts), HC=humongous(continues), CS=collection set, F=free, A=archive, TAMS=top-at-mark-start (previous, next)
|   0|0x0000000081600000, 0x0000000081700000, 0x0000000081700000|100%|HS|  |TAMS 0x0000000081600000, 0x0000000081600000| Complete 
|   1|0x0000000081700000, 0x0000000081800000, 0x0000000081800000|100%|HC|  |TAMS 0x0000000081700000, 0x0000000081700000| Complete 
|   2|0x0000000081800000, 0x0000000081800000, 0x0000000081900000|  0%| F|  |TAMS 0x0000000081800000, 0x0000000081800000| Untracked 
|   3|0x0000000081900000, 0x0000000081900000, 0x0000000081a00000|  0%| F|  |TAMS 0x0000000081900000, 0x0000000081900000| Untracked 
|   4|0x0000000081a00000, 0x0000000081a00000, 0x0000000081b00000|  0%| F|  |TAMS 0x0000000081a00000, 0x0000000081a00000| Untracked 
|   5|0x0000000081b00000, 0x0000000081b00000, 0x0000000081c00000|  0%| F|  |TAMS 0x0000000081b00000, 0x0000000081b00000| Untracked 
|   6|0x0000000081c00000, 0x0000000081c00000, 0x0000000081d00000|  0%| F|  |TAMS 0x0000000081c00000, 0x0000000081c00000| Untracked 
|   7|0x0000000081d00000, 0x0000000081d00000, 0x0000000081e00000|  0%| F|  |TAMS 0x0000000081d00000, 0x0000000081d00000| Untracked 
|   8|0x0000000081e00000, 0x0000000081e00000, 0x0000000081f00000|  0%| F|  |TAMS 0x0000000081e00000, 0x0000000081e00000| Untracked 
|   9|0x0000000081f00000, 0x0000000081f00000, 0x0000000082000000|  0%| F|  |TAMS 0x0000000081f00000, 0x0000000081f00000| Untracked 
|  10|0x0000000082000000, 0x0000000082000000, 0x0000000082100000|  0%| F|  |TAMS 0x0000000082000000, 0x0000000082000000| Untracked 
|  11|0x0000000082100000, 0x0000000082100000, 0x0000000082200000|  0%| F|  |TAMS 0x0000000082100000, 0x0000000082100000| Untracked 
|  12|0x0000000082200000, 0x0000000082200000, 0x0000000082300000|  0%| F|  |TAMS 0x0000000082200000, 0x0000000082200000| Untracked 
|  13|0x0000000082300000, 0x0000000082300000, 0x0000000082400000|  0%| F|  |TAMS 0x0000000082300000, 0x0000000082300000| Untracked 
|  14|0x0000000082400000, 0x0000000082400000, 0x0000000082500000|  0%| F|  |TAMS 0x0000000082400000, 0x0000000082400000| Untracked 
|  15|0x0000000082500000, 0x0000000082500000, 0x0000000082600000|  0%| F|  |TAMS 0x0000000082500000, 0x0000000082500000| Untracked 
|  16|0x0000000082600000, 0x0000000082600000, 0x0000000082700000|  0%| F|  |TAMS 0x0000000082600000, 0x0000000082600000| Untracked 
|  17|0x0000000082700000, 0x0000000082700000, 0x0000000082800000|  0%| F|  |TAMS 0x0000000082700000, 0x0000000082700000| Untracked 
|  18|0x0000000082800000, 0x0000000082800000, 0x0000000082900000|  0%| F|  |TAMS 0x0000000082800000, 0x0000000082800000| Untracked 
|  19|0x0000000082900000, 0x0000000082900000, 0x0000000082a00000|  0%| F|  |TAMS 0x0000000082900000, 0x0000000082900000| Untracked 
|  20|0x0000000082a00000, 0x0000000082a00000, 0x0000000082b00000|  0%| F|  |TAMS 0x0000000082a00000, 0x0000000082a00000| Untracked 
|  21|0x0000000082b00000, 0x0000000082b00000, 0x0000000082c00000|  0%| F|  |TAMS 0x0000000082b00000, 0x0000000082b00000| Untracked 
|  22|0x0000000082c00000, 0x0000000082c00000, 0x0000000082d00000|  0%| F|  |TAMS 0x0000000082c00000, 0x0000000082c00000| Untracked 
|  23|0x0000000082d00000, 0x0000000082d00000, 0x0000000082e00000|  0%| F|  |TAMS 0x0000000082d00000, 0x0000000082d00000| Untracked 
|  24|0x0000000082e00000, 0x0000000082e00000, 0x0000000082f00000|  0%| F|  |TAMS 0x0000000082e00000, 0x0000000082e00000| Untracked 
|  25|0x0000000082f00000, 0x0000000082f00000, 0x0000000083000000|  0%| F|  |TAMS 0x0000000082f00000, 0x0000000082f00000| Untracked 
|  26|0x0000000083000000, 0x0000000083000000, 0x0000000083100000|  0%| F|  |TAMS 0x0000000083000000, 0x0000000083000000| Untracked 
|  27|0x0000000083100000, 0x0000000083100000, 0x0000000083200000|  0%| F|  |TAMS 0x0000000083100000, 0x0000000083100000| Untracked 
|  28|0x0000000083200000, 0x0000000083200000, 0x0000000083300000|  0%| F|  |TAMS 0x0000000083200000, 0x0000000083200000| Untracked 
|  29|0x0000000083300000, 0x0000000083300000, 0x0000000083400000|  0%| F|  |TAMS 0x0000000083300000, 0x0000000083300000| Untracked 
|  30|0x0000000083400000, 0x0000000083400000, 0x0000000083500000|  0%| F|  |TAMS 0x0000000083400000, 0x0000000083400000| Untracked 
|  31|0x0000000083500000, 0x0000000083500000, 0x0000000083600000|  0%| F|  |TAMS 0x0000000083500000, 0x0000000083500000| Untracked 
|  32|0x0000000083600000, 0x0000000083600000, 0x0000000083700000|  0%| F|  |TAMS 0x0000000083600000, 0x0000000083600000| Untracked 
|  33|0x0000000083700000, 0x0000000083700000, 0x0000000083800000|  0%| F|  |TAMS 0x0000000083700000, 0x0000000083700000| Untracked 
|  34|0x0000000083800000, 0x0000000083800000, 0x0000000083900000|  0%| F|  |TAMS 0x0000000083800000, 0x0000000083800000| Untracked 
|  35|0x0000000083900000, 0x0000000083900000, 0x0000000083a00000|  0%| F|  |TAMS 0x0000000083900000, 0x0000000083900000| Untracked 
|  36|0x0000000083a00000, 0x0000000083a00000, 0x0000000083b00000|  0%| F|  |TAMS 0x0000000083a00000, 0x0000000083a00000| Untracked 
|  37|0x0000000083b00000, 0x0000000083b00000, 0x0000000083c00000|  0%| F|  |TAMS 0x0000000083b00000, 0x0000000083b00000| Untracked 
|  38|0x0000000083c00000, 0x0000000083c00000, 0x0000000083d00000|  0%| F|  |TAMS 0x0000000083c00000, 0x0000000083c00000| Untracked 
|  39|0x0000000083d00000, 0x0000000083d00000, 0x0000000083e00000|  0%| F|  |TAMS 0x0000000083d00000, 0x0000000083d00000| Untracked 
|  40|0x0000000083e00000, 0x0000000083e00000, 0x0000000083f00000|  0%| F|  |TAMS 0x0000000083e00000, 0x0000000083e00000| Untracked 
|  41|0x0000000083f00000, 0x0000000083f00000, 0x0000000084000000|  0%| F|  |TAMS 0x0000000083f00000, 0x0000000083f00000| Untracked 
|  42|0x0000000084000000, 0x0000000084000000, 0x0000000084100000|  0%| F|  |TAMS 0x0000000084000000, 0x0000000084000000| Untracked 
|  43|0x0000000084100000, 0x0000000084100000, 0x0000000084200000|  0%| F|  |TAMS 0x0000000084100000, 0x0000000084100000| Untracked 
|  44|0x0000000084200000, 0x0000000084200000, 0x0000000084300000|  0%| F|  |TAMS 0x0000000084200000, 0x0000000084200000| Untracked 
|  45|0x0000000084300000, 0x0000000084300000, 0x0000000084400000|  0%| F|  |TAMS 0x0000000084300000, 0x0000000084300000| Untracked 
|  46|0x0000000084400000, 0x0000000084400000, 0x0000000084500000|  0%| F|  |TAMS 0x0000000084400000, 0x0000000084400000| Untracked 
|  47|0x0000000084500000, 0x0000000084500000, 0x0000000084600000|  0%| F|  |TAMS 0x0000000084500000, 0x0000000084500000| Untracked 
|  48|0x0000000084600000, 0x0000000084600000, 0x0000000084700000|  0%| F|  |TAMS 0x0000000084600000, 0x0000000084600000| Untracked 
|  49|0x0000000084700000, 0x0000000084700000, 0x0000000084800000|  0%| F|  |TAMS 0x0000000084700000, 0x0000000084700000| Untracked 
|  50|0x0000000084800000, 0x0000000084800000, 0x0000000084900000|  0%| F|  |TAMS 0x0000000084800000, 0x0000000084800000| Untracked 
|  51|0x0000000084900000, 0x0000000084900000, 0x0000000084a00000|  0%| F|  |TAMS 0x0000000084900000, 0x0000000084900000| Untracked 
|  52|0x0000000084a00000, 0x0000000084a00000, 0x0000000084b00000|  0%| F|  |TAMS 0x0000000084a00000, 0x0000000084a00000| Untracked 
|  53|0x0000000084b00000, 0x0000000084b00000, 0x0000000084c00000|  0%| F|  |TAMS 0x0000000084b00000, 0x0000000084b00000| Untracked 
|  54|0x0000000084c00000, 0x0000000084c00000, 0x0000000084d00000|  0%| F|  |TAMS 0x0000000084c00000, 0x0000000084c00000| Untracked 
|  55|0x0000000084d00000, 0x0000000084d00000, 0x0000000084e00000|  0%| F|  |TAMS 0x0000000084d00000, 0x0000000084d00000| Untracked 
|  56|0x0000000084e00000, 0x0000000084e00000, 0x0000000084f00000|  0%| F|  |TAMS 0x0000000084e00000, 0x0000000084e00000| Untracked 
|  57|0x0000000084f00000, 0x0000000084f00000, 0x0000000085000000|  0%| F|  |TAMS 0x0000000084f00000, 0x0000000084f00000| Untracked 
|  58|0x0000000085000000, 0x0000000085000000, 0x0000000085100000|  0%| F|  |TAMS 0x0000000085000000, 0x0000000085000000| Untracked 
|  59|0x0000000085100000, 0x0000000085100000, 0x0000000085200000|  0%| F|  |TAMS 0x0000000085100000, 0x0000000085100000| Untracked 
|  60|0x0000000085200000, 0x0000000085200000, 0x0000000085300000|  0%| F|  |TAMS 0x0000000085200000, 0x0000000085200000| Untracked 
|  61|0x0000000085300000, 0x0000000085300000, 0x0000000085400000|  0%| F|  |TAMS 0x0000000085300000, 0x0000000085300000| Untracked 
|  62|0x0000000085400000, 0x0000000085400000, 0x0000000085500000|  0%| F|  |TAMS 0x0000000085400000, 0x0000000085400000| Untracked 
|  63|0x0000000085500000, 0x0000000085500000, 0x0000000085600000|  0%| F|  |TAMS 0x0000000085500000, 0x0000000085500000| Untracked 
|  64|0x0000000085600000, 0x0000000085600000, 0x0000000085700000|  0%| F|  |TAMS 0x0000000085600000, 0x0000000085600000| Untracked 
|  65|0x0000000085700000, 0x0000000085700000, 0x0000000085800000|  0%| F|  |TAMS 0x0000000085700000, 0x0000000085700000| Untracked 
|  66|0x0000000085800000, 0x0000000085800000, 0x0000000085900000|  0%| F|  |TAMS 0x0000000085800000, 0x0000000085800000| Untracked 
|  67|0x0000000085900000, 0x0000000085900000, 0x0000000085a00000|  0%| F|  |TAMS 0x0000000085900000, 0x0000000085900000| Untracked 
|  68|0x0000000085a00000, 0x0000000085a00000, 0x0000000085b00000|  0%| F|  |TAMS 0x0000000085a00000, 0x0000000085a00000| Untracked 
|  69|0x0000000085b00000, 0x0000000085b00000, 0x0000000085c00000|  0%| F|  |TAMS 0x0000000085b00000, 0x0000000085b00000| Untracked 
|  70|0x0000000085c00000, 0x0000000085c00000, 0x0000000085d00000|  0%| F|  |TAMS 0x0000000085c00000, 0x0000000085c00000| Untracked 
|  71|0x0000000085d00000, 0x0000000085d00000, 0x0000000085e00000|  0%| F|  |TAMS 0x0000000085d00000, 0x0000000085d00000| Untracked 
|  72|0x0000000085e00000, 0x0000000085e00000, 0x0000000085f00000|  0%| F|  |TAMS 0x0000000085e00000, 0x0000000085e00000| Untracked 
|  73|0x0000000085f00000, 0x0000000085f00000, 0x0000000086000000|  0%| F|  |TAMS 0x0000000085f00000, 0x0000000085f00000| Untracked 
|  74|0x0000000086000000, 0x0000000086000000, 0x0000000086100000|  0%| F|  |TAMS 0x0000000086000000, 0x0000000086000000| Untracked 
|  75|0x0000000086100000, 0x0000000086100000, 0x0000000086200000|  0%| F|  |TAMS 0x0000000086100000, 0x0000000086100000| Untracked 
|  76|0x0000000086200000, 0x0000000086200000, 0x0000000086300000|  0%| F|  |TAMS 0x0000000086200000, 0x0000000086200000| Untracked 
|  77|0x0000000086300000, 0x0000000086300000, 0x0000000086400000|  0%| F|  |TAMS 0x0000000086300000, 0x0000000086300000| Untracked 
|  78|0x0000000086400000, 0x00000000864fac80, 0x0000000086500000| 97%| S|CS|TAMS 0x0000000086400000, 0x0000000086400000| Complete 
|  79|0x0000000086500000, 0x0000000086600000, 0x0000000086600000|100%| S|CS|TAMS 0x0000000086500000, 0x0000000086500000| Complete 
|  80|0x0000000086600000, 0x0000000086700000, 0x0000000086700000|100%| S|CS|TAMS 0x0000000086600000, 0x0000000086600000| Complete 
|  81|0x0000000086700000, 0x0000000086800000, 0x0000000086800000|100%| S|CS|TAMS 0x0000000086700000, 0x0000000086700000| Complete 
|  82|0x0000000086800000, 0x0000000086900000, 0x0000000086900000|100%| S|CS|TAMS 0x0000000086800000, 0x0000000086800000| Complete 
|  83|0x0000000086900000, 0x0000000086a00000, 0x0000000086a00000|100%| S|CS|TAMS 0x0000000086900000, 0x0000000086900000| Complete 
|  84|0x0000000086a00000, 0x0000000086a00000, 0x0000000086b00000|  0%| F|  |TAMS 0x0000000086a00000, 0x0000000086a00000| Untracked 
|  85|0x0000000086b00000, 0x0000000086b00000, 0x0000000086c00000|  0%| F|  |TAMS 0x0000000086b00000, 0x0000000086b00000| Untracked 
|  86|0x0000000086c00000, 0x0000000086c00000, 0x0000000086d00000|  0%| F|  |TAMS 0x0000000086c00000, 0x0000000086c00000| Untracked 
|  87|0x0000000086d00000, 0x0000000086d00000, 0x0000000086e00000|  0%| F|  |TAMS 0x0000000086d00000, 0x0000000086d00000| Untracked 
|  88|0x0000000086e00000, 0x0000000086e00000, 0x0000000086f00000|  0%| F|  |TAMS 0x0000000086e00000, 0x0000000086e00000| Untracked 
|  89|0x0000000086f00000, 0x0000000086f00000, 0x0000000087000000|  0%| F|  |TAMS 0x0000000086f00000, 0x0000000086f00000| Untracked 
|  90|0x0000000087000000, 0x0000000087000000, 0x0000000087100000|  0%| F|  |TAMS 0x0000000087000000, 0x0000000087000000| Untracked 
|  91|0x0000000087100000, 0x0000000087100000, 0x0000000087200000|  0%| F|  |TAMS 0x0000000087100000, 0x0000000087100000| Untracked 
|  92|0x0000000087200000, 0x0000000087200000, 0x0000000087300000|  0%| F|  |TAMS 0x0000000087200000, 0x0000000087200000| Untracked 
|  93|0x0000000087300000, 0x0000000087300000, 0x0000000087400000|  0%| F|  |TAMS 0x0000000087300000, 0x0000000087300000| Untracked 
|  94|0x0000000087400000, 0x0000000087400000, 0x0000000087500000|  0%| F|  |TAMS 0x0000000087400000, 0x0000000087400000| Untracked 
|  95|0x0000000087500000, 0x0000000087500000, 0x0000000087600000|  0%| F|  |TAMS 0x0000000087500000, 0x0000000087500000| Untracked 
|  96|0x0000000087600000, 0x0000000087600000, 0x0000000087700000|  0%| F|  |TAMS 0x0000000087600000, 0x0000000087600000| Untracked 
|  97|0x0000000087700000, 0x0000000087700000, 0x0000000087800000|  0%| F|  |TAMS 0x0000000087700000, 0x0000000087700000| Untracked 
|  98|0x0000000087800000, 0x0000000087800000, 0x0000000087900000|  0%| F|  |TAMS 0x0000000087800000, 0x0000000087800000| Untracked 
|  99|0x0000000087900000, 0x0000000087900000, 0x0000000087a00000|  0%| F|  |TAMS 0x0000000087900000, 0x0000000087900000| Untracked 
| 100|0x0000000087a00000, 0x0000000087a00000, 0x0000000087b00000|  0%| F|  |TAMS 0x0000000087a00000, 0x0000000087a00000| Untracked 
| 101|0x0000000087b00000, 0x0000000087b00000, 0x0000000087c00000|  0%| F|  |TAMS 0x0000000087b00000, 0x0000000087b00000| Untracked 
| 102|0x0000000087c00000, 0x0000000087c00000, 0x0000000087d00000|  0%| F|  |TAMS 0x0000000087c00000, 0x0000000087c00000| Untracked 
| 103|0x0000000087d00000, 0x0000000087d00000, 0x0000000087e00000|  0%| F|  |TAMS 0x0000000087d00000, 0x0000000087d00000| Untracked 
| 104|0x0000000087e00000, 0x0000000087e00000, 0x0000000087f00000|  0%| F|  |TAMS 0x0000000087e00000, 0x0000000087e00000| Untracked 
| 105|0x0000000087f00000, 0x0000000087f00000, 0x0000000088000000|  0%| F|  |TAMS 0x0000000087f00000, 0x0000000087f00000| Untracked 
| 106|0x0000000088000000, 0x0000000088000000, 0x0000000088100000|  0%| F|  |TAMS 0x0000000088000000, 0x0000000088000000| Untracked 
| 107|0x0000000088100000, 0x0000000088100000, 0x0000000088200000|  0%| F|  |TAMS 0x0000000088100000, 0x0000000088100000| Untracked 
| 108|0x0000000088200000, 0x0000000088200000, 0x0000000088300000|  0%| F|  |TAMS 0x0000000088200000, 0x0000000088200000| Untracked 
| 109|0x0000000088300000, 0x0000000088300000, 0x0000000088400000|  0%| F|  |TAMS 0x0000000088300000, 0x0000000088300000| Untracked 
| 110|0x0000000088400000, 0x0000000088400000, 0x0000000088500000|  0%| F|  |TAMS 0x0000000088400000, 0x0000000088400000| Untracked 
| 111|0x0000000088500000, 0x0000000088500000, 0x0000000088600000|  0%| F|  |TAMS 0x0000000088500000, 0x0000000088500000| Untracked 
| 112|0x0000000088600000, 0x0000000088600000, 0x0000000088700000|  0%| F|  |TAMS 0x0000000088600000, 0x0000000088600000| Untracked 
| 113|0x0000000088700000, 0x0000000088700000, 0x0000000088800000|  0%| F|  |TAMS 0x0000000088700000, 0x0000000088700000| Untracked 
| 114|0x0000000088800000, 0x0000000088800000, 0x0000000088900000|  0%| F|  |TAMS 0x0000000088800000, 0x0000000088800000| Untracked 
| 115|0x0000000088900000, 0x0000000088900000, 0x0000000088a00000|  0%| F|  |TAMS 0x0000000088900000, 0x0000000088900000| Untracked 
| 116|0x0000000088a00000, 0x0000000088a00000, 0x0000000088b00000|  0%| F|  |TAMS 0x0000000088a00000, 0x0000000088a00000| Untracked 
| 117|0x0000000088b00000, 0x0000000088b00000, 0x0000000088c00000|  0%| F|  |TAMS 0x0000000088b00000, 0x0000000088b00000| Untracked 
| 118|0x0000000088c00000, 0x0000000088c00000, 0x0000000088d00000|  0%| F|  |TAMS 0x0000000088c00000, 0x0000000088c00000| Untracked 
| 119|0x0000000088d00000, 0x0000000088d00000, 0x0000000088e00000|  0%| F|  |TAMS 0x0000000088d00000, 0x0000000088d00000| Untracked 
| 120|0x0000000088e00000, 0x0000000088e00000, 0x0000000088f00000|  0%| F|  |TAMS 0x0000000088e00000, 0x0000000088e00000| Untracked 
| 121|0x0000000088f00000, 0x0000000088f00000, 0x0000000089000000|  0%| F|  |TAMS 0x0000000088f00000, 0x0000000088f00000| Untracked 
| 122|0x0000000089000000, 0x0000000089000000, 0x0000000089100000|  0%| F|  |TAMS 0x0000000089000000, 0x0000000089000000| Untracked 
| 123|0x0000000089100000, 0x0000000089100000, 0x0000000089200000|  0%| F|  |TAMS 0x0000000089100000, 0x0000000089100000| Untracked 
| 124|0x0000000089200000, 0x0000000089300000, 0x0000000089300000|100%| E|  |TAMS 0x0000000089200000, 0x0000000089200000| Complete 
| 125|0x0000000089300000, 0x0000000089400000, 0x0000000089400000|100%| E|CS|TAMS 0x0000000089300000, 0x0000000089300000| Complete 
| 126|0x0000000089400000, 0x0000000089500000, 0x0000000089500000|100%| E|CS|TAMS 0x0000000089400000, 0x0000000089400000| Complete 
| 127|0x0000000089500000, 0x0000000089600000, 0x0000000089600000|100%| E|CS|TAMS 0x0000000089500000, 0x0000000089500000| Complete 

Card table byte_map: [0x000002955bed0000,0x000002955c2d0000] _byte_map_base: 0x000002955bac5000

Marking Bits (Prev, Next): (CMBitMap*) 0x0000029544023ac0, (CMBitMap*) 0x0000029544023a88
 Prev Bits: [0x000002955e680000, 0x0000029560628000)
 Next Bits: [0x000002955c6d0000, 0x000002955e678000)

Polling page: 0x00000295426e0000

Metaspace:

Usage:
  Non-class:     18.67 MB capacity,    18.31 MB ( 98%) used,   289.07 KB (  2%) free+waste,    75.94 KB ( <1%) overhead. 
      Class:      2.75 MB capacity,     2.47 MB ( 90%) used,   247.38 KB (  9%) free+waste,    39.06 KB (  1%) overhead. 
       Both:     21.42 MB capacity,    20.78 MB ( 97%) used,   536.45 KB (  2%) free+waste,   115.00 KB ( <1%) overhead. 

Virtual space:
  Non-class space:       20.00 MB reserved,      18.75 MB ( 94%) committed 
      Class space:        1.00 GB reserved,       2.75 MB ( <1%) committed 
             Both:        1.02 GB reserved,      21.50 MB (  2%) committed 

Chunk freelists:
   Non-Class:  2.13 KB
       Class:  0 bytes
        Both:  2.13 KB

CodeHeap 'non-profiled nmethods': size=120064Kb used=854Kb max_used=854Kb free=119209Kb
 bounds [0x0000029553f70000, 0x00000295541e0000, 0x000002955b4b0000]
CodeHeap 'profiled nmethods': size=120000Kb used=3211Kb max_used=3211Kb free=116788Kb
 bounds [0x000002954ca40000, 0x000002954cd70000, 0x0000029553f70000]
CodeHeap 'non-nmethods': size=5696Kb used=1395Kb max_used=1438Kb free=4300Kb
 bounds [0x000002954c4b0000, 0x000002954c720000, 0x000002954ca40000]
 total_blobs=2508 nmethods=1773 adapters=655
 compilation: enabled
              stopped_count=0, restarted_count=0
 full_count=0

Compilation events (10 events):
Event: 6.315 Thread 0x0000029562c8e000 1770   !   3       com.sun.javafx.tk.quantum.QuantumToolkit::lambda$runToolkit$12 (16 bytes)
Event: 6.316 Thread 0x0000029562c8e000 nmethod 1770 0x000002954cd60290 code [0x000002954cd60460, 0x000002954cd60768]
Event: 6.316 Thread 0x0000029562c8e000 1771       3       javafx.scene.Node::getGeomBounds (141 bytes)
Event: 6.317 Thread 0x0000029562c8e000 nmethod 1771 0x000002954cd60910 code [0x000002954cd60c60, 0x000002954cd622f8]
Event: 6.317 Thread 0x0000029562c8e000 1772       3       javafx.scene.Node::updateGeomBounds (28 bytes)
Event: 6.317 Thread 0x0000029562c8e000 nmethod 1772 0x000002954cd62890 code [0x000002954cd62a60, 0x000002954cd62d78]
Event: 6.317 Thread 0x0000029562c8e000 1773       1       javafx.scene.input.MouseEvent::isPrimaryButtonDown (5 bytes)
Event: 6.318 Thread 0x0000029562c8e000 nmethod 1773 0x0000029554045410 code [0x00000295540455a0, 0x0000029554045658]
Event: 6.318 Thread 0x0000029562c8e000 1774       1       java.util.logging.Level::intValue (5 bytes)
Event: 6.318 Thread 0x0000029562c8e000 nmethod 1774 0x0000029554045710 code [0x00000295540458a0, 0x0000029554045958]

GC Heap History (4 events):
Event: 1.647 GC heap before
{Heap before GC invocations=0 (full 0):
 garbage-first heap   total 131072K, used 14336K [0x0000000081600000, 0x0000000100000000)
  region size 1024K, 14 young (14336K), 0 survivors (0K)
 Metaspace       used 8738K, capacity 8949K, committed 9216K, reserved 1056768K
  class space    used 841K, capacity 928K, committed 1024K, reserved 1048576K
}
Event: 1.661 GC heap after
{Heap after GC invocations=1 (full 0):
 garbage-first heap   total 131072K, used 1982K [0x0000000081600000, 0x0000000100000000)
  region size 1024K, 2 young (2048K), 2 survivors (2048K)
 Metaspace       used 8738K, capacity 8949K, committed 9216K, reserved 1056768K
  class space    used 841K, capacity 928K, committed 1024K, reserved 1048576K
}
Event: 4.911 GC heap before
{Heap before GC invocations=1 (full 0):
 garbage-first heap   total 131072K, used 42942K [0x0000000081600000, 0x0000000100000000)
  region size 1024K, 44 young (45056K), 2 survivors (2048K)
 Metaspace       used 20521K, capacity 21152K, committed 21248K, reserved 1067008K
  class space    used 2436K, capacity 2721K, committed 2816K, reserved 1048576K
}
Event: 4.941 GC heap after
{Heap after GC invocations=2 (full 0):
 garbage-first heap   total 131072K, used 6123K [0x0000000081600000, 0x0000000100000000)
  region size 1024K, 6 young (6144K), 6 survivors (6144K)
 Metaspace       used 20521K, capacity 21152K, committed 21248K, reserved 1067008K
  class space    used 2436K, capacity 2721K, committed 2816K, reserved 1048576K
}

Deoptimization events (10 events):
Event: 3.053 Thread 0x0000029564534000 Uncommon trap: reason=unstable_if action=reinterpret pc=0x0000029553ffc020 method=java.util.HashMap.getNode(ILjava/lang/Object;)Ljava/util/HashMap$Node; @ 84 c2
Event: 3.274 Thread 0x0000029564534000 Uncommon trap: reason=intrinsic_or_type_checked_inlining action=make_not_entrant pc=0x0000029553ff9c20 method=java.util.Arrays.copyOf([Ljava/lang/Object;ILjava/lang/Class;)[Ljava/lang/Object; @ 35 c2
Event: 3.371 Thread 0x0000029564534000 Uncommon trap: reason=unstable_if action=reinterpret pc=0x0000029554000898 method=java.util.HashMap.hash(Ljava/lang/Object;)I @ 1 c2
Event: 3.450 Thread 0x0000029564534000 Uncommon trap: reason=unstable_if action=reinterpret pc=0x0000029553f8d8b0 method=java.util.HashMap.hash(Ljava/lang/Object;)I @ 1 c2
Event: 3.757 Thread 0x0000029564534000 Uncommon trap: reason=unstable_if action=reinterpret pc=0x0000029553f82060 method=java.lang.StringLatin1.canEncode(I)Z @ 4 c2
Event: 4.508 Thread 0x0000029564534000 Uncommon trap: reason=class_check action=maybe_recompile pc=0x0000029553f7fee4 method=java.lang.String.equals(Ljava/lang/Object;)Z @ 8 c2
Event: 4.508 Thread 0x0000029564534000 Uncommon trap: reason=class_check action=maybe_recompile pc=0x0000029553f7fee4 method=java.lang.String.equals(Ljava/lang/Object;)Z @ 8 c2
Event: 4.508 Thread 0x0000029564534000 Uncommon trap: reason=class_check action=maybe_recompile pc=0x0000029553f7fee4 method=java.lang.String.equals(Ljava/lang/Object;)Z @ 8 c2
Event: 4.511 Thread 0x0000029564534000 Uncommon trap: reason=class_check action=maybe_recompile pc=0x0000029553f7fee4 method=java.lang.String.equals(Ljava/lang/Object;)Z @ 8 c2
Event: 6.221 Thread 0x0000029564534000 Uncommon trap: reason=unstable_if action=reinterpret pc=0x0000029553fac5b8 method=jdk.internal.org.objectweb.asm.Type.getArgumentsAndReturnSizes(Ljava/lang/String;)I @ 47 c2

Classes redefined (0 events):
No events

Internal exceptions (10 events):
Event: 3.371 Thread 0x0000029564534000 Implicit null exception at 0x0000029554000296 to 0x000002955400087c
Event: 3.450 Thread 0x0000029564534000 Implicit null exception at 0x0000029553f8d82f to 0x0000029553f8d8a1
Event: 4.544 Thread 0x0000029564534000 Exception <a 'java/lang/NoSuchMethodError'{0x0000000086e3acc0}: java.lang.invoke.Invokers$Holder.linkToTargetMethod(Ljava/lang/Object;ILjava/lang/Object;)Ljava/lang/Object;> (0x0000000086e3acc0) thrown at [./open/src/hotspot/share/interpreter/linkResolver
Event: 4.656 Thread 0x0000029564534000 Exception <a 'java/lang/NoSuchMethodError'{0x0000000086d164f0}: java.lang.invoke.DirectMethodHandle$Holder.invokeInterface(Ljava/lang/Object;Ljava/lang/Object;Ljava/lang/Object;)Ljava/lang/Object;> (0x0000000086d164f0) thrown at [./open/src/hotspot/share/
Event: 4.656 Thread 0x0000029564534000 Exception <a 'java/lang/IncompatibleClassChangeError'{0x0000000086d19950}: Found class java.lang.Object, but interface was expected> (0x0000000086d19950) thrown at [./open/src/hotspot/share/interpreter/linkResolver.cpp, line 838]
Event: 4.819 Thread 0x0000029564f64800 Exception <a 'java/lang/NoSuchMethodError'{0x0000000088e27ea8}: java.lang.invoke.DirectMethodHandle$Holder.invokeStaticInit(Ljava/lang/Object;Ljava/lang/Object;)I> (0x0000000088e27ea8) thrown at [./open/src/hotspot/share/interpreter/linkResolver.cpp, line
Event: 6.221 Thread 0x0000029564534000 Exception <a 'java/lang/NoSuchMethodError'{0x0000000089282218}: java.lang.invoke.DirectMethodHandle$Holder.invokeStaticInit(Ljava/lang/Object;Ljava/lang/Object;Ljava/lang/Object;)J> (0x0000000089282218) thrown at [./open/src/hotspot/share/interpreter/link
Event: 6.227 Thread 0x0000029564534000 Exception <a 'java/lang/NoSuchMethodError'{0x000000008929a858}: java.lang.invoke.DirectMethodHandle$Holder.invokeStatic(Ljava/lang/Object;Ljava/lang/Object;J)Ljava/lang/Object;> (0x000000008929a858) thrown at [./open/src/hotspot/share/interpreter/linkReso
Event: 6.228 Thread 0x0000029564534000 Exception <a 'java/lang/NoSuchMethodError'{0x00000000892a0c78}: java.lang.invoke.Invokers$Holder.linkToTargetMethod(Ljava/lang/Object;JLjava/lang/Object;)Ljava/lang/Object;> (0x00000000892a0c78) thrown at [./open/src/hotspot/share/interpreter/linkResolver
Event: 8.798 Thread 0x0000029564534000 Exception <a 'sun/nio/fs/WindowsException'{0x00000000892ad4d0}> (0x00000000892ad4d0) thrown at [./open/src/hotspot/share/prims/jni.cpp, line 611]

Events (10 events):
Event: 24.243 Executing VM operation: ChangeBreakpoints
Event: 24.244 Executing VM operation: ChangeBreakpoints done
Event: 24.244 Executing VM operation: ChangeBreakpoints
Event: 24.244 Executing VM operation: ChangeBreakpoints done
Event: 24.244 Executing VM operation: ChangeBreakpoints
Event: 24.245 Executing VM operation: ChangeBreakpoints done
Event: 24.245 Executing VM operation: ChangeBreakpoints
Event: 24.245 Executing VM operation: ChangeBreakpoints done
Event: 24.245 Executing VM operation: ChangeBreakpoints
Event: 24.245 Executing VM operation: ChangeBreakpoints done


Dynamic libraries:
0x00007ff701370000 - 0x00007ff70137f000 	C:\Program Files\Java\jdk-11.0.12\bin\java.exe
0x00007ffa03750000 - 0x00007ffa03945000 	C:\WINDOWS\SYSTEM32\ntdll.dll
0x00007ffa024b0000 - 0x00007ffa0256d000 	C:\WINDOWS\System32\KERNEL32.DLL
0x00007ffa01360000 - 0x00007ffa0162d000 	C:\WINDOWS\System32\KERNELBASE.dll
0x00007ffa00f60000 - 0x00007ffa01060000 	C:\WINDOWS\System32\ucrtbase.dll
0x00007ff9fb980000 - 0x00007ff9fb995000 	C:\Program Files\Java\jdk-11.0.12\bin\VCRUNTIME140.dll
0x00007ff9fdfe0000 - 0x00007ff9fdff8000 	C:\Program Files\Java\jdk-11.0.12\bin\jli.dll
0x00007ffa01f80000 - 0x00007ffa0202e000 	C:\WINDOWS\System32\ADVAPI32.dll
0x00007ffa02da0000 - 0x00007ffa02e3e000 	C:\WINDOWS\System32\msvcrt.dll
0x00007ffa02d00000 - 0x00007ffa02d9c000 	C:\WINDOWS\System32\sechost.dll
0x00007ffa03540000 - 0x00007ffa03665000 	C:\WINDOWS\System32\RPCRT4.dll
0x00007ffa02660000 - 0x00007ffa02800000 	C:\WINDOWS\System32\USER32.dll
0x00007ffa01770000 - 0x00007ffa01792000 	C:\WINDOWS\System32\win32u.dll
0x00007ffa02e40000 - 0x00007ffa02e6a000 	C:\WINDOWS\System32\GDI32.dll
0x00007ff9d7c80000 - 0x00007ff9d7f1a000 	C:\WINDOWS\WinSxS\amd64_microsoft.windows.common-controls_6595b64144ccf1df_6.0.19041.1110_none_60b5254171f9507e\COMCTL32.dll
0x00007ffa01660000 - 0x00007ffa0176b000 	C:\WINDOWS\System32\gdi32full.dll
0x00007ffa01270000 - 0x00007ffa0130d000 	C:\WINDOWS\System32\msvcp_win.dll
0x00007ff9f5410000 - 0x00007ff9f541a000 	C:\WINDOWS\SYSTEM32\VERSION.dll
0x00007ffa017a0000 - 0x00007ffa017d0000 	C:\WINDOWS\System32\IMM32.DLL
0x00007ff9f2de0000 - 0x00007ff9f2e7b000 	C:\Program Files\Java\jdk-11.0.12\bin\msvcp140.dll
0x00007ff9a1ae0000 - 0x00007ff9a25df000 	C:\Program Files\Java\jdk-11.0.12\bin\server\jvm.dll
0x00007ffa03670000 - 0x00007ffa03678000 	C:\WINDOWS\System32\PSAPI.DLL
0x00007ff9fdfc0000 - 0x00007ff9fdfc9000 	C:\WINDOWS\SYSTEM32\WSOCK32.dll
0x00007ffa03100000 - 0x00007ffa0316b000 	C:\WINDOWS\System32\WS2_32.dll
0x00007ff9e33c0000 - 0x00007ff9e33e7000 	C:\WINDOWS\SYSTEM32\WINMM.dll
0x00007ff9ff6f0000 - 0x00007ff9ff702000 	C:\WINDOWS\SYSTEM32\kernel.appcore.dll
0x00007ff9fdfb0000 - 0x00007ff9fdfc0000 	C:\Program Files\Java\jdk-11.0.12\bin\verify.dll
0x00007ff9f4f40000 - 0x00007ff9f5124000 	C:\WINDOWS\SYSTEM32\DBGHELP.DLL
0x00007ff9f4f10000 - 0x00007ff9f4f3c000 	C:\WINDOWS\SYSTEM32\dbgcore.DLL
0x00007ffa00ed0000 - 0x00007ffa00f52000 	C:\WINDOWS\System32\bcryptPrimitives.dll
0x00007ff9fb390000 - 0x00007ff9fb3b8000 	C:\Program Files\Java\jdk-11.0.12\bin\java.dll
0x00007ff9fb970000 - 0x00007ff9fb97a000 	C:\Program Files\Java\jdk-11.0.12\bin\jimage.dll
0x00007ff9f2ee0000 - 0x00007ff9f2f18000 	C:\Program Files\Java\jdk-11.0.12\bin\jdwp.dll
0x00007ff9fb360000 - 0x00007ff9fb36e000 	C:\Program Files\Java\jdk-11.0.12\bin\instrument.dll
0x00007ff9fb370000 - 0x00007ff9fb386000 	C:\Program Files\Java\jdk-11.0.12\bin\zip.dll
0x00007ffa017d0000 - 0x00007ffa01f14000 	C:\WINDOWS\System32\SHELL32.dll
0x00007ff9fef40000 - 0x00007ff9ff6d4000 	C:\WINDOWS\SYSTEM32\windows.storage.dll
0x00007ffa029a0000 - 0x00007ffa02cf4000 	C:\WINDOWS\System32\combase.dll
0x00007ffa008c0000 - 0x00007ffa008ec000 	C:\WINDOWS\SYSTEM32\Wldp.dll
0x00007ffa032f0000 - 0x00007ffa0339d000 	C:\WINDOWS\System32\SHCORE.dll
0x00007ffa02940000 - 0x00007ffa02995000 	C:\WINDOWS\System32\shlwapi.dll
0x00007ffa00da0000 - 0x00007ffa00dbf000 	C:\WINDOWS\SYSTEM32\profapi.dll
0x00007ff9f2ec0000 - 0x00007ff9f2ed9000 	C:\Program Files\Java\jdk-11.0.12\bin\net.dll
0x00007ff9f8e90000 - 0x00007ff9f8f9a000 	C:\WINDOWS\SYSTEM32\WINHTTP.dll
0x00007ffa00620000 - 0x00007ffa0068a000 	C:\WINDOWS\system32\mswsock.dll
0x00007ff9f2c50000 - 0x00007ff9f2c62000 	C:\Program Files\Java\jdk-11.0.12\bin\nio.dll
0x00007ff9fb350000 - 0x00007ff9fb35a000 	C:\Program Files\Java\jdk-11.0.12\bin\dt_socket.dll
0x0000029566630000 - 0x0000029566633000 	C:\Program Files\Java\jdk-11.0.12\bin\api-ms-win-core-console-l1-1-0.dll
0x0000029566640000 - 0x0000029566643000 	C:\Program Files\Java\jdk-11.0.12\bin\api-ms-win-core-datetime-l1-1-0.dll
0x0000029566650000 - 0x0000029566653000 	C:\Program Files\Java\jdk-11.0.12\bin\api-ms-win-core-debug-l1-1-0.dll
0x0000029566660000 - 0x0000029566663000 	C:\Program Files\Java\jdk-11.0.12\bin\api-ms-win-core-errorhandling-l1-1-0.dll
0x0000029566670000 - 0x0000029566674000 	C:\Program Files\Java\jdk-11.0.12\bin\api-ms-win-core-file-l1-1-0.dll
0x0000029566170000 - 0x0000029566173000 	C:\Program Files\Java\jdk-11.0.12\bin\api-ms-win-core-file-l1-2-0.dll
0x0000029566180000 - 0x0000029566183000 	C:\Program Files\Java\jdk-11.0.12\bin\api-ms-win-core-file-l2-1-0.dll
0x0000029566190000 - 0x0000029566193000 	C:\Program Files\Java\jdk-11.0.12\bin\api-ms-win-core-handle-l1-1-0.dll
0x00000295661a0000 - 0x00000295661a3000 	C:\Program Files\Java\jdk-11.0.12\bin\api-ms-win-core-heap-l1-1-0.dll
0x00000295661b0000 - 0x00000295661b3000 	C:\Program Files\Java\jdk-11.0.12\bin\api-ms-win-core-interlocked-l1-1-0.dll
0x00000295661c0000 - 0x00000295661c3000 	C:\Program Files\Java\jdk-11.0.12\bin\api-ms-win-core-libraryloader-l1-1-0.dll
0x00000295661d0000 - 0x00000295661d3000 	C:\Program Files\Java\jdk-11.0.12\bin\api-ms-win-core-localization-l1-2-0.dll
0x00000295661e0000 - 0x00000295661e3000 	C:\Program Files\Java\jdk-11.0.12\bin\api-ms-win-core-memory-l1-1-0.dll
0x00000295661f0000 - 0x00000295661f3000 	C:\Program Files\Java\jdk-11.0.12\bin\api-ms-win-core-namedpipe-l1-1-0.dll
0x0000029566200000 - 0x0000029566203000 	C:\Program Files\Java\jdk-11.0.12\bin\api-ms-win-core-processenvironment-l1-1-0.dll
0x0000029566210000 - 0x0000029566213000 	C:\Program Files\Java\jdk-11.0.12\bin\api-ms-win-core-processthreads-l1-1-0.dll
0x0000029566220000 - 0x0000029566223000 	C:\Program Files\Java\jdk-11.0.12\bin\api-ms-win-core-processthreads-l1-1-1.dll
0x0000029566230000 - 0x0000029566233000 	C:\Program Files\Java\jdk-11.0.12\bin\api-ms-win-core-profile-l1-1-0.dll
0x0000029566240000 - 0x0000029566243000 	C:\Program Files\Java\jdk-11.0.12\bin\api-ms-win-core-rtlsupport-l1-1-0.dll
0x0000029566250000 - 0x0000029566253000 	C:\Program Files\Java\jdk-11.0.12\bin\api-ms-win-core-string-l1-1-0.dll
0x0000029566260000 - 0x0000029566263000 	C:\Program Files\Java\jdk-11.0.12\bin\api-ms-win-core-synch-l1-1-0.dll
0x0000029566270000 - 0x0000029566273000 	C:\Program Files\Java\jdk-11.0.12\bin\api-ms-win-core-synch-l1-2-0.dll
0x0000029566280000 - 0x0000029566283000 	C:\Program Files\Java\jdk-11.0.12\bin\api-ms-win-core-sysinfo-l1-1-0.dll
0x0000029566290000 - 0x0000029566293000 	C:\Program Files\Java\jdk-11.0.12\bin\api-ms-win-core-timezone-l1-1-0.dll
0x00000295662a0000 - 0x00000295662a3000 	C:\Program Files\Java\jdk-11.0.12\bin\api-ms-win-core-util-l1-1-0.dll
0x00000295662b0000 - 0x00000295662b3000 	C:\Program Files\Java\jdk-11.0.12\bin\api-ms-win-crt-conio-l1-1-0.dll
0x00000295662c0000 - 0x00000295662c4000 	C:\Program Files\Java\jdk-11.0.12\bin\api-ms-win-crt-convert-l1-1-0.dll
0x00000295662d0000 - 0x00000295662d3000 	C:\Program Files\Java\jdk-11.0.12\bin\api-ms-win-crt-environment-l1-1-0.dll
0x00000295662e0000 - 0x00000295662e3000 	C:\Program Files\Java\jdk-11.0.12\bin\api-ms-win-crt-filesystem-l1-1-0.dll
0x00000295662f0000 - 0x00000295662f3000 	C:\Program Files\Java\jdk-11.0.12\bin\api-ms-win-crt-heap-l1-1-0.dll
0x0000029566300000 - 0x0000029566303000 	C:\Program Files\Java\jdk-11.0.12\bin\api-ms-win-crt-locale-l1-1-0.dll
0x0000029566310000 - 0x0000029566315000 	C:\Program Files\Java\jdk-11.0.12\bin\api-ms-win-crt-math-l1-1-0.dll
0x0000029566320000 - 0x0000029566325000 	C:\Program Files\Java\jdk-11.0.12\bin\api-ms-win-crt-multibyte-l1-1-0.dll
0x0000029566330000 - 0x0000029566340000 	C:\Program Files\Java\jdk-11.0.12\bin\api-ms-win-crt-private-l1-1-0.dll
0x0000029566340000 - 0x0000029566343000 	C:\Program Files\Java\jdk-11.0.12\bin\api-ms-win-crt-process-l1-1-0.dll
0x0000029566350000 - 0x0000029566354000 	C:\Program Files\Java\jdk-11.0.12\bin\api-ms-win-crt-runtime-l1-1-0.dll
0x0000029566360000 - 0x0000029566364000 	C:\Program Files\Java\jdk-11.0.12\bin\api-ms-win-crt-stdio-l1-1-0.dll
0x0000029566370000 - 0x0000029566374000 	C:\Program Files\Java\jdk-11.0.12\bin\api-ms-win-crt-string-l1-1-0.dll
0x0000029566380000 - 0x0000029566383000 	C:\Program Files\Java\jdk-11.0.12\bin\api-ms-win-crt-time-l1-1-0.dll
0x0000029566390000 - 0x0000029566393000 	C:\Program Files\Java\jdk-11.0.12\bin\api-ms-win-crt-utility-l1-1-0.dll
0x00007ff9f20d0000 - 0x00007ff9f21ca000 	C:\Program Files\Java\jdk-11.0.12\bin\ucrtbase.dll
0x00007ff9f2bf0000 - 0x00007ff9f2c3e000 	C:\Windows\System32\concrt140.dll
0x00007ff9eccf0000 - 0x00007ff9eccfc000 	C:\WINDOWS\SYSTEM32\VCRUNTIME140_1.dll
0x00007ff9f2c70000 - 0x00007ff9f2c93000 	C:\Users\lcesa\.openjfx\cache\11.0.2\prism_d3d.dll
0x00007ff9fa8d0000 - 0x00007ff9faa9f000 	C:\WINDOWS\system32\d3d9.dll
0x00007ff9fec50000 - 0x00007ff9fec7f000 	C:\WINDOWS\SYSTEM32\dwmapi.dll
0x00007ff9fe2d0000 - 0x00007ff9fe36e000 	C:\WINDOWS\system32\uxtheme.dll
0x00007ff9a25e0000 - 0x00007ff9a4b1d000 	C:\WINDOWS\SYSTEM32\igdumdim64.dll
0x00007ffa03220000 - 0x00007ffa032ed000 	C:\WINDOWS\System32\OLEAUT32.dll
0x00007ffa02800000 - 0x00007ffa0292a000 	C:\WINDOWS\System32\ole32.dll
0x00007ffa02030000 - 0x00007ffa024a1000 	C:\WINDOWS\System32\SETUPAPI.dll
0x00007ffa01310000 - 0x00007ffa0135e000 	C:\WINDOWS\System32\cfgmgr32.dll
0x00007ffa01630000 - 0x00007ffa01657000 	C:\WINDOWS\System32\bcrypt.dll
0x00007ff9f2ba0000 - 0x00007ff9f2be5000 	C:\Users\lcesa\.openjfx\cache\11.0.2\glass.dll
0x00007ffa02e70000 - 0x00007ffa02f4b000 	C:\WINDOWS\System32\COMDLG32.dll
0x00007ffa03400000 - 0x00007ffa03515000 	C:\WINDOWS\System32\MSCTF.dll
0x00007ff9f62f0000 - 0x00007ff9f6d30000 	C:\WINDOWS\SYSTEM32\igdusc64.dll
0x00007ff9f7e00000 - 0x00007ff9f7e3b000 	C:\WINDOWS\SYSTEM32\dxcore.dll
0x00007ff9f1d00000 - 0x00007ff9f1d14000 	C:\Users\lcesa\.openjfx\cache\11.0.2\javafx_font.dll
0x00007ff9ddd30000 - 0x00007ff9ddfaf000 	C:\WINDOWS\SYSTEM32\dwrite.dll
0x00007ffa03170000 - 0x00007ffa03219000 	C:\WINDOWS\System32\clbcatq.dll
0x00007ff9fb3c0000 - 0x00007ff9fb574000 	C:\WINDOWS\SYSTEM32\WindowsCodecs.dll
0x00007ff9e3660000 - 0x00007ff9e369e000 	C:\WINDOWS\system32\dataexchange.dll
0x00007ff9fcc60000 - 0x00007ff9fcec4000 	C:\WINDOWS\system32\d3d11.dll
0x00007ff9fd490000 - 0x00007ff9fd675000 	C:\WINDOWS\system32\dcomp.dll
0x00007ff9ff760000 - 0x00007ff9ff853000 	C:\WINDOWS\system32\dxgi.dll
0x00007ff9fb710000 - 0x00007ff9fb911000 	C:\WINDOWS\system32\twinapi.appcore.dll
0x00007ff9fb930000 - 0x00007ff9fb964000 	C:\Program Files\Common Files\Microsoft Shared\Ink\rtscom.dll
0x00007ff9ed450000 - 0x00007ff9ed549000 	C:\WINDOWS\SYSTEM32\textinputframework.dll
0x00007ff9fd680000 - 0x00007ff9fd9de000 	C:\WINDOWS\System32\CoreUIComponents.dll
0x00007ff9fdd60000 - 0x00007ff9fde52000 	C:\WINDOWS\System32\CoreMessaging.dll
0x00007ff9ffb60000 - 0x00007ff9ffb93000 	C:\WINDOWS\SYSTEM32\ntmarta.dll
0x00007ff9fc560000 - 0x00007ff9fc6b4000 	C:\WINDOWS\SYSTEM32\wintypes.dll
0x00007ff9fb290000 - 0x00007ff9fb2f6000 	C:\WINDOWS\system32\Oleacc.dll

dbghelp: loaded successfully - version: 4.0.5 - missing functions: none
symbol engine: initialized successfully - sym options: 0x614 - pdb path: .;C:\Program Files\Java\jdk-11.0.12\bin;C:\WINDOWS\SYSTEM32;C:\WINDOWS\WinSxS\amd64_microsoft.windows.common-controls_6595b64144ccf1df_6.0.19041.1110_none_60b5254171f9507e;C:\Program Files\Java\jdk-11.0.12\bin\server;C:\Users\lcesa\.openjfx\cache\11.0.2;C:\Program Files\Common Files\Microsoft Shared\Ink

VM Arguments:
jvm_args: -agentlib:jdwp=transport=dt_socket,address=127.0.0.1:53021,suspend=y,server=n -javaagent:C:\Users\lcesa\AppData\Local\JetBrains\IdeaIC2021.2\captureAgent\debugger-agent.jar -Dfile.encoding=UTF-8 --module-path=C:\Users\lcesa\.m2\repository\org\openjfx\javafx-base\11.0.2\javafx-base-11.0.2-win.jar;C:\Users\lcesa\.m2\repository\org\openjfx\javafx-fxml\11.0.2\javafx-fxml-11.0.2-win.jar;C:\Users\lcesa\.m2\repository\org\openjfx\javafx-graphics\11.0.2\javafx-graphics-11.0.2-win.jar;C:\Users\lcesa\.m2\repository\org\openjfx\javafx-controls\11.0.2\javafx-controls-11.0.2-win.jar;C:\Programacao\GerenciadorDeGastos\target\classes -Djdk.module.main=com.example.gerenciadordegastos 
java_command: com.example.gerenciadordegastos/com.example.gerenciadordegastos.Main
java_class_path (initial): C:\Users\lcesa\.m2\repository\org\openjfx\javafx-controls\11.0.2\javafx-controls-11.0.2.jar;C:\Users\lcesa\.m2\repository\org\openjfx\javafx-graphics\11.0.2\javafx-graphics-11.0.2.jar;C:\Users\lcesa\.m2\repository\org\openjfx\javafx-base\11.0.2\javafx-base-11.0.2.jar;C:\Users\lcesa\.m2\repository\org\openjfx\javafx-fxml\11.0.2\javafx-fxml-11.0.2.jar;C:\GerenciadorDeGastos\jaybird-4.0.6.java11\jaybird-full-4.0.6.java11.jar;C:\Program Files\JetBrains\IntelliJ IDEA Community Edition 2021.2.3\lib\idea_rt.jar
Launcher Type: SUN_STANDARD

[Global flags]
     intx CICompilerCount                          = 3                                         {product} {ergonomic}
     uint ConcGCThreads                            = 1                                         {product} {ergonomic}
     uint G1ConcRefinementThreads                  = 4                                         {product} {ergonomic}
   size_t G1HeapRegionSize                         = 1048576                                   {product} {ergonomic}
    uintx GCDrainStackTargetSize                   = 64                                        {product} {ergonomic}
   size_t InitialHeapSize                          = 134217728                                 {product} {ergonomic}
   size_t MarkStackSize                            = 4194304                                   {product} {ergonomic}
   size_t MaxHeapSize                              = 2124414976                                {product} {ergonomic}
   size_t MaxNewSize                               = 1274019840                                {product} {ergonomic}
   size_t MinHeapDeltaBytes                        = 1048576                                   {product} {ergonomic}
    uintx NonNMethodCodeHeapSize                   = 5830732                                {pd product} {ergonomic}
    uintx NonProfiledCodeHeapSize                  = 122913754                              {pd product} {ergonomic}
    uintx ProfiledCodeHeapSize                     = 122913754                              {pd product} {ergonomic}
    uintx ReservedCodeCacheSize                    = 251658240                              {pd product} {ergonomic}
     bool SegmentedCodeCache                       = true                                      {product} {ergonomic}
     bool UseCompressedClassPointers               = true                                 {lp64_product} {ergonomic}
     bool UseCompressedOops                        = true                                 {lp64_product} {ergonomic}
     bool UseG1GC                                  = true                                      {product} {ergonomic}
     bool UseLargePagesIndividualAllocation        = false                                  {pd product} {ergonomic}

Logging:
Log output configuration:
 #0: stdout all=warning uptime,level,tags
 #1: stderr all=off uptime,level,tags

Environment Variables:
JAVA_HOME=C:\Program Files\Java\jdk-11.0.12
PATH=C:\Program Files\Java\jdk-11.0.12\bin;C:\Program Files\Java\jdk1.7.0_80\bin;C:\Program Files\Common Files\Oracle\Java\javapath;C:\Program Files\Zulu\zulu-16\bin\;C:\Program Files (x86)\Common Files\Oracle\Java\javapath;C:\WINDOWS\system32;C:\WINDOWS;C:\WINDOWS\System32\Wbem;C:\WINDOWS\System32\WindowsPowerShell\v1.0\;C:\WINDOWS\System32\OpenSSH\;C:\Program Files\NVIDIA Corporation\NVIDIA NvDLISR;C:\Program Files (x86)\NVIDIA Corporation\PhysX\Common;C:\Program Files\Git\cmd;C:\Program Files\Microsoft SQL Server\Client SDK\ODBC\170\Tools\Binn\;C:\Program Files (x86)\Microsoft SQL Server\150\Tools\Binn\;C:\Program Files\Microsoft SQL Server\150\Tools\Binn\;C:\Program Files\Microsoft SQL Server\150\DTS\Binn\;C:\Program Files (x86)\Microsoft SQL Server\150\DTS\Binn\;C:\Program Files\Azure Data Studio\bin;C:\ProgramData\UNIVALI\Portugol Studio;C:\Program Files\MySQL\MySQL Shell 8.0\bin\;C:\Users\lcesa\AppData\Local\Microsoft\WindowsApps;C:\Users\lcesa\AppData\Local\GitHubDesktop\bin;C:\Program Files\Azure Data Studio\bin
USERNAME=lcesa
OS=Windows_NT
PROCESSOR_IDENTIFIER=Intel64 Family 6 Model 61 Stepping 4, GenuineIntel



---------------  S Y S T E M  ---------------

OS: Windows 10 , 64 bit Build 19041 (10.0.19041.1706)

CPU:total 4 (initial active 4) (2 cores per cpu, 2 threads per core) family 6 model 61 stepping 4 microcode 0x2d, cmov, cx8, fxsr, mmx, sse, sse2, sse3, ssse3, sse4.1, sse4.2, popcnt, avx, avx2, aes, clmul, erms, 3dnowpref, lzcnt, ht, tsc, tscinvbit, bmi1, bmi2, adx, fma

Memory: 4k page, system-wide physical 8103M (2062M free)
TotalPageFile size 11098M (AvailPageFile size 2114M)
current process WorkingSet (physical memory assigned to process): 135M, peak: 180M
current process commit charge ("private bytes"): 259M, peak: 303M

vm_info: Java HotSpot(TM) 64-Bit Server VM (11.0.12+8-LTS-237) for windows-amd64 JRE (11.0.12+8-LTS-237), built on Jun  8 2021 11:25:59 by "mach5one" with MS VC++ 15.9 (VS2017)

END.
