#
# A fatal error has been detected by the Java Runtime Environment:
#
#  EXCEPTION_ACCESS_VIOLATION (0xc0000005) at pc=0x000002242eacc1c9, pid=13016, tid=1188
#
# JRE version: Java(TM) SE Runtime Environment 18.9 (11.0.12+8) (build 11.0.12+8-LTS-237)
# Java VM: Java HotSpot(TM) 64-Bit Server VM 18.9 (11.0.12+8-LTS-237, mixed mode, tiered, compressed oops, g1 gc, windows-amd64)
# Problematic frame:
# j  java.net.URL.openConnection()Ljava/net/URLConnection;+5 java.base@11.0.12
#
# No core dump will be written. Minidumps are not enabled by default on client versions of Windows
#
# If you would like to submit a bug report, please visit:
#   https://bugreport.java.com/bugreport/crash.jsp
#

---------------  S U M M A R Y ------------

Command Line: -agentlib:jdwp=transport=dt_socket,address=127.0.0.1:53015,suspend=y,server=n -javaagent:C:\Users\lcesa\AppData\Local\JetBrains\IdeaIC2021.2\captureAgent\debugger-agent.jar -Dfile.encoding=UTF-8 --module-path=C:\Users\lcesa\.m2\repository\org\openjfx\javafx-base\11.0.2\javafx-base-11.0.2-win.jar;C:\Users\lcesa\.m2\repository\org\openjfx\javafx-fxml\11.0.2\javafx-fxml-11.0.2-win.jar;C:\Users\lcesa\.m2\repository\org\openjfx\javafx-graphics\11.0.2\javafx-graphics-11.0.2-win.jar;C:\Users\lcesa\.m2\repository\org\openjfx\javafx-controls\11.0.2\javafx-controls-11.0.2-win.jar;C:\Programacao\GerenciadorDeGastos\target\classes -Djdk.module.main=com.example.gerenciadordegastos com.example.gerenciadordegastos/com.example.gerenciadordegastos.Main

Host: Intel(R) Core(TM) i5-5200U CPU @ 2.20GHz, 4 cores, 7G,  Windows 10 , 64 bit Build 19041 (10.0.19041.1706)
Time: Wed Jun 29 22:19:50 2022 Hora oficial do Brasil elapsed time: 56.069575 seconds (0d 0h 0m 56s)

---------------  T H R E A D  ---------------

Current thread (0x00000224463bb000):  JavaThread "JavaFX Application Thread" [_thread_in_Java, id=1188, stack(0x000000ee72d00000,0x000000ee72e00000)]

Stack: [0x000000ee72d00000,0x000000ee72e00000],  sp=0x000000ee72dfb928,  free space=1006k
Native frames: (J=compiled Java code, j=interpreted, Vv=VM code, C=native code)
C  0x000002242eacc1c9


siginfo: EXCEPTION_ACCESS_VIOLATION (0xc0000005), reading address 0x000000006f616369


Register to memory mapping:

RIP=0x000002242eacc1c9 is at code_begin+937 in an Interpreter codelet
invokevirtual  182 invokevirtual  [0x000002242eacbe20, 0x000002242eacc3e0]  1472 bytes
RAX=0x0 is NULL
RBX=0x000000000000000c is an unknown value
RCX=0x000000006f616361 is an unknown value
RDX=0x0000000080000002 is an unknown value
RSP=0x000000ee72dfb928 is pointing into the stack for thread: 0x00000224463bb000
RBP=0x000000ee72dfb988 is pointing into the stack for thread: 0x00000224463bb000
RSI=0x0 is NULL
RDI=
[error occurred during error reporting (printing register info), id 0xc0000005, EXCEPTION_ACCESS_VIOLATION (0xc0000005) at pc=0x00007ff9a1db7166]

Registers:
RAX=0x0000000000000000, RBX=0x000000000000000c, RCX=0x000000006f616361, RDX=0x0000000080000002
RSP=0x000000ee72dfb928, RBP=0x000000ee72dfb988, RSI=0x0000000000000000, RDI=0x00000000b0200021
R8 =0x0000000000000008, R9 =0x0000000000000006, R10=0x00007ff9a252c1c0, R11=0x000000ee72dfb900
R12=0x0000000000000000, R13=0x0000022445381f9d, R14=0x000000ee72dfb998, R15=0x00000224463bb000
RIP=0x000002242eacc1c9, EFLAGS=0x0000000000010246

Top of Stack: (sp=0x000000ee72dfb928)
0x000000ee72dfb928:   000002242eaac7f0 00000000892fa378
0x000000ee72dfb938:   000000006f616361 000000ee72dfb940
0x000000ee72dfb948:   0000022445381f9d 000000ee72dfb998
0x000000ee72dfb958:   000002244557e270 0000000000000000
0x000000ee72dfb968:   0000000086a5b130 0000022445381fb8
0x000000ee72dfb978:   0000000000000000 000000ee72dfb998
0x000000ee72dfb988:   000000ee72dfb9e8 000002242eaac7f0
0x000000ee72dfb998:   00000000892fa378 000000ee72dfb9a0
0x000000ee72dfb9a8:   00000224453821a1 000000ee72dfb9f8
0x000000ee72dfb9b8:   000002244557e270 0000000000000000
0x000000ee72dfb9c8:   0000000086a5b130 00000224453821c0
0x000000ee72dfb9d8:   000000ee72dfb998 000000ee72dfb9f8
0x000000ee72dfb9e8:   000000ee72dfba48 000002242eaac7f0
0x000000ee72dfb9f8:   00000000892fa378 000000ee72dfba00
0x000000ee72dfba08:   000002244d46ff77 000000ee72dfba78
0x000000ee72dfba18:   000002244d4a1818 0000000000000000 

Instructions: (pc=0x000002242eacc1c9)
0x000002242eacc1a9:   49 03 c5 48 89 45 d8 4c 8d 6c 24 08 4c 89 6d f0
0x000002242eacc1b9:   41 80 bf a8 04 00 00 00 74 03 ff 63 30 ff 63 48
0x000002242eacc1c9:   8b 41 08 48 c1 e0 03 4c 8b 75 d8 4d 85 f6 0f 84
0x000002242eacc1d9:   95 00 00 00 49 8b 56 18 48 3b d0 0f 85 0f 00 00 


Stack slot to memory mapping:
stack at sp + 0 slots: 0x000002242eaac7f0 is at code_begin+6320 in an Interpreter codelet
invoke return entry points  [0x000002242eaaaf40, 0x000002242eaacfe0]  8352 bytes
stack at sp + 1 slots: 0x00000000892fa378 is an oop: java.lang.String 
{0x00000000892fa378} - klass: 'java/lang/String'
stack at sp + 2 slots: 0x000000006f616361 is an unknown value
stack at sp + 3 slots: 0x000000ee72dfb940 is pointing into the stack for thread: 0x00000224463bb000
stack at sp + 4 slots: 0x0000022445381f9d is pointing into metadata
stack at sp + 5 slots: 0x000000ee72dfb998 is pointing into the stack for thread: 0x00000224463bb000
stack at sp + 6 slots: 0x000002244557e270 is pointing into metadata
stack at sp + 7 slots: 0x0 is NULL

invokevirtual  182 invokevirtual  [0x000002242eacbe20, 0x000002242eacc3e0]  1472 bytes

---------------  P R O C E S S  ---------------

Threads class SMR info:
_java_thread_list=0x0000022448b05a60, length=20, elements={
0x00000224265d6800, 0x0000022445265800, 0x000002244526e800, 0x0000022445c02800,
0x000002244527a800, 0x000002244527b800, 0x0000022445281800, 0x0000022445283800,
0x000002244529f800, 0x00000224266be800, 0x00000224467ec000, 0x0000022445ea5000,
0x00000224462da000, 0x00000224469f0800, 0x0000022446bbf000, 0x00000224463bb000,
0x0000022446f85000, 0x0000022446cea000, 0x000002244e920000, 0x0000022446cee000
}

Java Threads: ( => current thread )
  0x00000224265d6800 JavaThread "main" [_thread_blocked, id=11144, stack(0x000000ee71500000,0x000000ee71600000)]
  0x0000022445265800 JavaThread "Reference Handler" daemon [_thread_blocked, id=6968, stack(0x000000ee71c00000,0x000000ee71d00000)]
  0x000002244526e800 JavaThread "Finalizer" daemon [_thread_blocked, id=7612, stack(0x000000ee71d00000,0x000000ee71e00000)]
  0x0000022445c02800 JavaThread "Signal Dispatcher" daemon [_thread_blocked, id=7952, stack(0x000000ee71e00000,0x000000ee71f00000)]
  0x000002244527a800 JavaThread "Attach Listener" daemon [_thread_blocked, id=1160, stack(0x000000ee71f00000,0x000000ee72000000)]
  0x000002244527b800 JavaThread "Service Thread" daemon [_thread_blocked, id=3384, stack(0x000000ee72000000,0x000000ee72100000)]
  0x0000022445281800 JavaThread "C2 CompilerThread0" daemon [_thread_blocked, id=8372, stack(0x000000ee72100000,0x000000ee72200000)]
  0x0000022445283800 JavaThread "C1 CompilerThread0" daemon [_thread_blocked, id=2036, stack(0x000000ee72200000,0x000000ee72300000)]
  0x000002244529f800 JavaThread "Sweeper thread" daemon [_thread_blocked, id=1152, stack(0x000000ee72300000,0x000000ee72400000)]
  0x00000224266be800 JavaThread "Common-Cleaner" daemon [_thread_blocked, id=4132, stack(0x000000ee72400000,0x000000ee72500000)]
  0x00000224467ec000 JavaThread "JDWP Transport Listener: dt_socket" daemon [_thread_blocked, id=5352, stack(0x000000ee72600000,0x000000ee72700000)]
  0x0000022445ea5000 JavaThread "JDWP Event Helper Thread" daemon [_thread_blocked, id=11844, stack(0x000000ee72700000,0x000000ee72800000)]
  0x00000224462da000 JavaThread "JDWP Command Reader" daemon [_thread_in_native, id=12096, stack(0x000000ee72800000,0x000000ee72900000)]
  0x00000224469f0800 JavaThread "QuantumRenderer-0" daemon [_thread_blocked, id=6800, stack(0x000000ee72b00000,0x000000ee72c00000)]
  0x0000022446bbf000 JavaThread "InvokeLaterDispatcher" daemon [_thread_blocked, id=9068, stack(0x000000ee72c00000,0x000000ee72d00000)]
=>0x00000224463bb000 JavaThread "JavaFX Application Thread" [_thread_in_Java, id=1188, stack(0x000000ee72d00000,0x000000ee72e00000)]
  0x0000022446f85000 JavaThread "Thread-1" daemon [_thread_in_native, id=8352, stack(0x000000ee73100000,0x000000ee73200000)]
  0x0000022446cea000 JavaThread "JavaFX-Launcher" [_thread_blocked, id=5892, stack(0x000000ee73200000,0x000000ee73300000)]
  0x000002244e920000 JavaThread "Prism Font Disposer" daemon [_thread_blocked, id=8812, stack(0x000000ee73700000,0x000000ee73800000)]
  0x0000022446cee000 JavaThread "Cleaner-0" daemon [_thread_blocked, id=3320, stack(0x000000ee73900000,0x000000ee73a00000)]

Other Threads:
  0x000002244523c000 VMThread "VM Thread" [stack: 0x000000ee71b00000,0x000000ee71c00000] [id=9552]
  0x000002244699e800 WatcherThread [stack: 0x000000ee72900000,0x000000ee72a00000] [id=9264]
  0x00000224265eb800 GCTaskThread "GC Thread#0" [stack: 0x000000ee71600000,0x000000ee71700000] [id=1356]
  0x0000022446c8e800 GCTaskThread "GC Thread#1" [stack: 0x000000ee72500000,0x000000ee72600000] [id=7552]
  0x00000224467fd800 GCTaskThread "GC Thread#2" [stack: 0x000000ee72a00000,0x000000ee72b00000] [id=8916]
  0x0000022446ea1800 GCTaskThread "GC Thread#3" [stack: 0x000000ee73800000,0x000000ee73900000] [id=4452]
  0x000002242661c800 ConcurrentGCThread "G1 Main Marker" [stack: 0x000000ee71700000,0x000000ee71800000] [id=2164]
  0x000002242661e000 ConcurrentGCThread "G1 Conc#0" [stack: 0x000000ee71800000,0x000000ee71900000] [id=7444]
  0x00000224266b1000 ConcurrentGCThread "G1 Refine#0" [stack: 0x000000ee71900000,0x000000ee71a00000] [id=2500]
  0x00000224266b3000 ConcurrentGCThread "G1 Young RemSet Sampling" [stack: 0x000000ee71a00000,0x000000ee71b00000] [id=944]

Threads with active compile tasks:

VM state:not at safepoint (normal execution)

VM Mutex/Monitor currently owned by a thread: None

Heap address: 0x0000000081600000, size: 2026 MB, Compressed Oops mode: 32-bit
Narrow klass base: 0x0000000000000000, Narrow klass shift: 3
Compressed class space size: 1073741824 Address: 0x0000000100000000

Heap:
 garbage-first heap   total 131072K, used 11264K [0x0000000081600000, 0x0000000100000000)
  region size 1024K, 10 young (10240K), 6 survivors (6144K)
 Metaspace       used 21378K, capacity 22063K, committed 22272K, reserved 1069056K
  class space    used 2531K, capacity 2816K, committed 2816K, reserved 1048576K
Heap Regions: E=young(eden), S=young(survivor), O=old, HS=humongous(starts), HC=humongous(continues), CS=collection set, F=free, A=archive, TAMS=top-at-mark-start (previous, next)
|   0|0x0000000081600000, 0x0000000081700000, 0x0000000081700000|100%|HS|  |TAMS 0x0000000081600000, 0x0000000081600000| Complete 
|   1|0x0000000081700000, 0x0000000081800000, 0x0000000081800000|100%|HC|  |TAMS 0x0000000081700000, 0x0000000081700000| Complete 
|   2|0x0000000081800000, 0x0000000081800000, 0x0000000081900000|  0%| F|  |TAMS 0x0000000081800000, 0x0000000081800000| Untracked 
|   3|0x0000000081900000, 0x0000000081900000, 0x0000000081a00000|  0%| F|  |TAMS 0x0000000081900000, 0x0000000081900000| Untracked 
|   4|0x0000000081a00000, 0x0000000081a00000, 0x0000000081b00000|  0%| F|  |TAMS 0x0000000081a00000, 0x0000000081a00000| Untracked 
|   5|0x0000000081b00000, 0x0000000081b00000, 0x0000000081c00000|  0%| F|  |TAMS 0x0000000081b00000, 0x0000000081b00000| Untracked 
|   6|0x0000000081c00000, 0x0000000081c00000, 0x0000000081d00000|  0%| F|  |TAMS 0x0000000081c00000, 0x0000000081c00000| Untracked 
|   7|0x0000000081d00000, 0x0000000081d00000, 0x0000000081e00000|  0%| F|  |TAMS 0x0000000081d00000, 0x0000000081d00000| Untracked 
|   8|0x0000000081e00000, 0x0000000081e00000, 0x0000000081f00000|  0%| F|  |TAMS 0x0000000081e00000, 0x0000000081e00000| Untracked 
|   9|0x0000000081f00000, 0x0000000081f00000, 0x0000000082000000|  0%| F|  |TAMS 0x0000000081f00000, 0x0000000081f00000| Untracked 
|  10|0x0000000082000000, 0x0000000082000000, 0x0000000082100000|  0%| F|  |TAMS 0x0000000082000000, 0x0000000082000000| Untracked 
|  11|0x0000000082100000, 0x0000000082100000, 0x0000000082200000|  0%| F|  |TAMS 0x0000000082100000, 0x0000000082100000| Untracked 
|  12|0x0000000082200000, 0x0000000082200000, 0x0000000082300000|  0%| F|  |TAMS 0x0000000082200000, 0x0000000082200000| Untracked 
|  13|0x0000000082300000, 0x0000000082300000, 0x0000000082400000|  0%| F|  |TAMS 0x0000000082300000, 0x0000000082300000| Untracked 
|  14|0x0000000082400000, 0x0000000082400000, 0x0000000082500000|  0%| F|  |TAMS 0x0000000082400000, 0x0000000082400000| Untracked 
|  15|0x0000000082500000, 0x0000000082500000, 0x0000000082600000|  0%| F|  |TAMS 0x0000000082500000, 0x0000000082500000| Untracked 
|  16|0x0000000082600000, 0x0000000082600000, 0x0000000082700000|  0%| F|  |TAMS 0x0000000082600000, 0x0000000082600000| Untracked 
|  17|0x0000000082700000, 0x0000000082700000, 0x0000000082800000|  0%| F|  |TAMS 0x0000000082700000, 0x0000000082700000| Untracked 
|  18|0x0000000082800000, 0x0000000082800000, 0x0000000082900000|  0%| F|  |TAMS 0x0000000082800000, 0x0000000082800000| Untracked 
|  19|0x0000000082900000, 0x0000000082900000, 0x0000000082a00000|  0%| F|  |TAMS 0x0000000082900000, 0x0000000082900000| Untracked 
|  20|0x0000000082a00000, 0x0000000082a00000, 0x0000000082b00000|  0%| F|  |TAMS 0x0000000082a00000, 0x0000000082a00000| Untracked 
|  21|0x0000000082b00000, 0x0000000082b00000, 0x0000000082c00000|  0%| F|  |TAMS 0x0000000082b00000, 0x0000000082b00000| Untracked 
|  22|0x0000000082c00000, 0x0000000082c00000, 0x0000000082d00000|  0%| F|  |TAMS 0x0000000082c00000, 0x0000000082c00000| Untracked 
|  23|0x0000000082d00000, 0x0000000082d00000, 0x0000000082e00000|  0%| F|  |TAMS 0x0000000082d00000, 0x0000000082d00000| Untracked 
|  24|0x0000000082e00000, 0x0000000082e00000, 0x0000000082f00000|  0%| F|  |TAMS 0x0000000082e00000, 0x0000000082e00000| Untracked 
|  25|0x0000000082f00000, 0x0000000082f00000, 0x0000000083000000|  0%| F|  |TAMS 0x0000000082f00000, 0x0000000082f00000| Untracked 
|  26|0x0000000083000000, 0x0000000083000000, 0x0000000083100000|  0%| F|  |TAMS 0x0000000083000000, 0x0000000083000000| Untracked 
|  27|0x0000000083100000, 0x0000000083100000, 0x0000000083200000|  0%| F|  |TAMS 0x0000000083100000, 0x0000000083100000| Untracked 
|  28|0x0000000083200000, 0x0000000083200000, 0x0000000083300000|  0%| F|  |TAMS 0x0000000083200000, 0x0000000083200000| Untracked 
|  29|0x0000000083300000, 0x0000000083300000, 0x0000000083400000|  0%| F|  |TAMS 0x0000000083300000, 0x0000000083300000| Untracked 
|  30|0x0000000083400000, 0x0000000083400000, 0x0000000083500000|  0%| F|  |TAMS 0x0000000083400000, 0x0000000083400000| Untracked 
|  31|0x0000000083500000, 0x0000000083500000, 0x0000000083600000|  0%| F|  |TAMS 0x0000000083500000, 0x0000000083500000| Untracked 
|  32|0x0000000083600000, 0x0000000083600000, 0x0000000083700000|  0%| F|  |TAMS 0x0000000083600000, 0x0000000083600000| Untracked 
|  33|0x0000000083700000, 0x0000000083700000, 0x0000000083800000|  0%| F|  |TAMS 0x0000000083700000, 0x0000000083700000| Untracked 
|  34|0x0000000083800000, 0x0000000083800000, 0x0000000083900000|  0%| F|  |TAMS 0x0000000083800000, 0x0000000083800000| Untracked 
|  35|0x0000000083900000, 0x0000000083900000, 0x0000000083a00000|  0%| F|  |TAMS 0x0000000083900000, 0x0000000083900000| Untracked 
|  36|0x0000000083a00000, 0x0000000083a00000, 0x0000000083b00000|  0%| F|  |TAMS 0x0000000083a00000, 0x0000000083a00000| Untracked 
|  37|0x0000000083b00000, 0x0000000083b00000, 0x0000000083c00000|  0%| F|  |TAMS 0x0000000083b00000, 0x0000000083b00000| Untracked 
|  38|0x0000000083c00000, 0x0000000083c00000, 0x0000000083d00000|  0%| F|  |TAMS 0x0000000083c00000, 0x0000000083c00000| Untracked 
|  39|0x0000000083d00000, 0x0000000083d00000, 0x0000000083e00000|  0%| F|  |TAMS 0x0000000083d00000, 0x0000000083d00000| Untracked 
|  40|0x0000000083e00000, 0x0000000083e00000, 0x0000000083f00000|  0%| F|  |TAMS 0x0000000083e00000, 0x0000000083e00000| Untracked 
|  41|0x0000000083f00000, 0x0000000083f00000, 0x0000000084000000|  0%| F|  |TAMS 0x0000000083f00000, 0x0000000083f00000| Untracked 
|  42|0x0000000084000000, 0x0000000084000000, 0x0000000084100000|  0%| F|  |TAMS 0x0000000084000000, 0x0000000084000000| Untracked 
|  43|0x0000000084100000, 0x0000000084100000, 0x0000000084200000|  0%| F|  |TAMS 0x0000000084100000, 0x0000000084100000| Untracked 
|  44|0x0000000084200000, 0x0000000084200000, 0x0000000084300000|  0%| F|  |TAMS 0x0000000084200000, 0x0000000084200000| Untracked 
|  45|0x0000000084300000, 0x0000000084300000, 0x0000000084400000|  0%| F|  |TAMS 0x0000000084300000, 0x0000000084300000| Untracked 
|  46|0x0000000084400000, 0x0000000084400000, 0x0000000084500000|  0%| F|  |TAMS 0x0000000084400000, 0x0000000084400000| Untracked 
|  47|0x0000000084500000, 0x0000000084500000, 0x0000000084600000|  0%| F|  |TAMS 0x0000000084500000, 0x0000000084500000| Untracked 
|  48|0x0000000084600000, 0x0000000084600000, 0x0000000084700000|  0%| F|  |TAMS 0x0000000084600000, 0x0000000084600000| Untracked 
|  49|0x0000000084700000, 0x0000000084700000, 0x0000000084800000|  0%| F|  |TAMS 0x0000000084700000, 0x0000000084700000| Untracked 
|  50|0x0000000084800000, 0x0000000084800000, 0x0000000084900000|  0%| F|  |TAMS 0x0000000084800000, 0x0000000084800000| Untracked 
|  51|0x0000000084900000, 0x0000000084900000, 0x0000000084a00000|  0%| F|  |TAMS 0x0000000084900000, 0x0000000084900000| Untracked 
|  52|0x0000000084a00000, 0x0000000084a00000, 0x0000000084b00000|  0%| F|  |TAMS 0x0000000084a00000, 0x0000000084a00000| Untracked 
|  53|0x0000000084b00000, 0x0000000084b00000, 0x0000000084c00000|  0%| F|  |TAMS 0x0000000084b00000, 0x0000000084b00000| Untracked 
|  54|0x0000000084c00000, 0x0000000084c00000, 0x0000000084d00000|  0%| F|  |TAMS 0x0000000084c00000, 0x0000000084c00000| Untracked 
|  55|0x0000000084d00000, 0x0000000084d00000, 0x0000000084e00000|  0%| F|  |TAMS 0x0000000084d00000, 0x0000000084d00000| Untracked 
|  56|0x0000000084e00000, 0x0000000084e00000, 0x0000000084f00000|  0%| F|  |TAMS 0x0000000084e00000, 0x0000000084e00000| Untracked 
|  57|0x0000000084f00000, 0x0000000084f00000, 0x0000000085000000|  0%| F|  |TAMS 0x0000000084f00000, 0x0000000084f00000| Untracked 
|  58|0x0000000085000000, 0x0000000085000000, 0x0000000085100000|  0%| F|  |TAMS 0x0000000085000000, 0x0000000085000000| Untracked 
|  59|0x0000000085100000, 0x0000000085100000, 0x0000000085200000|  0%| F|  |TAMS 0x0000000085100000, 0x0000000085100000| Untracked 
|  60|0x0000000085200000, 0x0000000085200000, 0x0000000085300000|  0%| F|  |TAMS 0x0000000085200000, 0x0000000085200000| Untracked 
|  61|0x0000000085300000, 0x0000000085300000, 0x0000000085400000|  0%| F|  |TAMS 0x0000000085300000, 0x0000000085300000| Untracked 
|  62|0x0000000085400000, 0x0000000085400000, 0x0000000085500000|  0%| F|  |TAMS 0x0000000085400000, 0x0000000085400000| Untracked 
|  63|0x0000000085500000, 0x0000000085500000, 0x0000000085600000|  0%| F|  |TAMS 0x0000000085500000, 0x0000000085500000| Untracked 
|  64|0x0000000085600000, 0x0000000085600000, 0x0000000085700000|  0%| F|  |TAMS 0x0000000085600000, 0x0000000085600000| Untracked 
|  65|0x0000000085700000, 0x0000000085700000, 0x0000000085800000|  0%| F|  |TAMS 0x0000000085700000, 0x0000000085700000| Untracked 
|  66|0x0000000085800000, 0x0000000085800000, 0x0000000085900000|  0%| F|  |TAMS 0x0000000085800000, 0x0000000085800000| Untracked 
|  67|0x0000000085900000, 0x0000000085900000, 0x0000000085a00000|  0%| F|  |TAMS 0x0000000085900000, 0x0000000085900000| Untracked 
|  68|0x0000000085a00000, 0x0000000085a00000, 0x0000000085b00000|  0%| F|  |TAMS 0x0000000085a00000, 0x0000000085a00000| Untracked 
|  69|0x0000000085b00000, 0x0000000085b00000, 0x0000000085c00000|  0%| F|  |TAMS 0x0000000085b00000, 0x0000000085b00000| Untracked 
|  70|0x0000000085c00000, 0x0000000085c00000, 0x0000000085d00000|  0%| F|  |TAMS 0x0000000085c00000, 0x0000000085c00000| Untracked 
|  71|0x0000000085d00000, 0x0000000085d00000, 0x0000000085e00000|  0%| F|  |TAMS 0x0000000085d00000, 0x0000000085d00000| Untracked 
|  72|0x0000000085e00000, 0x0000000085e00000, 0x0000000085f00000|  0%| F|  |TAMS 0x0000000085e00000, 0x0000000085e00000| Untracked 
|  73|0x0000000085f00000, 0x0000000085f00000, 0x0000000086000000|  0%| F|  |TAMS 0x0000000085f00000, 0x0000000085f00000| Untracked 
|  74|0x0000000086000000, 0x0000000086000000, 0x0000000086100000|  0%| F|  |TAMS 0x0000000086000000, 0x0000000086000000| Untracked 
|  75|0x0000000086100000, 0x0000000086100000, 0x0000000086200000|  0%| F|  |TAMS 0x0000000086100000, 0x0000000086100000| Untracked 
|  76|0x0000000086200000, 0x0000000086200000, 0x0000000086300000|  0%| F|  |TAMS 0x0000000086200000, 0x0000000086200000| Untracked 
|  77|0x0000000086300000, 0x0000000086300000, 0x0000000086400000|  0%| F|  |TAMS 0x0000000086300000, 0x0000000086300000| Untracked 
|  78|0x0000000086400000, 0x0000000086400000, 0x0000000086500000|  0%| F|  |TAMS 0x0000000086400000, 0x0000000086400000| Untracked 
|  79|0x0000000086500000, 0x0000000086600000, 0x0000000086600000|100%| S|CS|TAMS 0x0000000086500000, 0x0000000086500000| Complete 
|  80|0x0000000086600000, 0x0000000086700000, 0x0000000086700000|100%| S|CS|TAMS 0x0000000086600000, 0x0000000086600000| Complete 
|  81|0x0000000086700000, 0x0000000086800000, 0x0000000086800000|100%| S|CS|TAMS 0x0000000086700000, 0x0000000086700000| Complete 
|  82|0x0000000086800000, 0x0000000086900000, 0x0000000086900000|100%| S|CS|TAMS 0x0000000086800000, 0x0000000086800000| Complete 
|  83|0x0000000086900000, 0x0000000086a00000, 0x0000000086a00000|100%| S|CS|TAMS 0x0000000086900000, 0x0000000086900000| Complete 
|  84|0x0000000086a00000, 0x0000000086b00000, 0x0000000086b00000|100%| S|CS|TAMS 0x0000000086a00000, 0x0000000086a00000| Complete 
|  85|0x0000000086b00000, 0x0000000086b00000, 0x0000000086c00000|  0%| F|  |TAMS 0x0000000086b00000, 0x0000000086b00000| Untracked 
|  86|0x0000000086c00000, 0x0000000086c00000, 0x0000000086d00000|  0%| F|  |TAMS 0x0000000086c00000, 0x0000000086c00000| Untracked 
|  87|0x0000000086d00000, 0x0000000086d00000, 0x0000000086e00000|  0%| F|  |TAMS 0x0000000086d00000, 0x0000000086d00000| Untracked 
|  88|0x0000000086e00000, 0x0000000086e00000, 0x0000000086f00000|  0%| F|  |TAMS 0x0000000086e00000, 0x0000000086e00000| Untracked 
|  89|0x0000000086f00000, 0x0000000086f00000, 0x0000000087000000|  0%| F|  |TAMS 0x0000000086f00000, 0x0000000086f00000| Untracked 
|  90|0x0000000087000000, 0x0000000087000000, 0x0000000087100000|  0%| F|  |TAMS 0x0000000087000000, 0x0000000087000000| Untracked 
|  91|0x0000000087100000, 0x0000000087100000, 0x0000000087200000|  0%| F|  |TAMS 0x0000000087100000, 0x0000000087100000| Untracked 
|  92|0x0000000087200000, 0x0000000087200000, 0x0000000087300000|  0%| F|  |TAMS 0x0000000087200000, 0x0000000087200000| Untracked 
|  93|0x0000000087300000, 0x0000000087300000, 0x0000000087400000|  0%| F|  |TAMS 0x0000000087300000, 0x0000000087300000| Untracked 
|  94|0x0000000087400000, 0x0000000087400000, 0x0000000087500000|  0%| F|  |TAMS 0x0000000087400000, 0x0000000087400000| Untracked 
|  95|0x0000000087500000, 0x0000000087500000, 0x0000000087600000|  0%| F|  |TAMS 0x0000000087500000, 0x0000000087500000| Untracked 
|  96|0x0000000087600000, 0x0000000087600000, 0x0000000087700000|  0%| F|  |TAMS 0x0000000087600000, 0x0000000087600000| Untracked 
|  97|0x0000000087700000, 0x0000000087700000, 0x0000000087800000|  0%| F|  |TAMS 0x0000000087700000, 0x0000000087700000| Untracked 
|  98|0x0000000087800000, 0x0000000087800000, 0x0000000087900000|  0%| F|  |TAMS 0x0000000087800000, 0x0000000087800000| Untracked 
|  99|0x0000000087900000, 0x0000000087900000, 0x0000000087a00000|  0%| F|  |TAMS 0x0000000087900000, 0x0000000087900000| Untracked 
| 100|0x0000000087a00000, 0x0000000087a00000, 0x0000000087b00000|  0%| F|  |TAMS 0x0000000087a00000, 0x0000000087a00000| Untracked 
| 101|0x0000000087b00000, 0x0000000087b00000, 0x0000000087c00000|  0%| F|  |TAMS 0x0000000087b00000, 0x0000000087b00000| Untracked 
| 102|0x0000000087c00000, 0x0000000087c00000, 0x0000000087d00000|  0%| F|  |TAMS 0x0000000087c00000, 0x0000000087c00000| Untracked 
| 103|0x0000000087d00000, 0x0000000087d00000, 0x0000000087e00000|  0%| F|  |TAMS 0x0000000087d00000, 0x0000000087d00000| Untracked 
| 104|0x0000000087e00000, 0x0000000087e00000, 0x0000000087f00000|  0%| F|  |TAMS 0x0000000087e00000, 0x0000000087e00000| Untracked 
| 105|0x0000000087f00000, 0x0000000087f00000, 0x0000000088000000|  0%| F|  |TAMS 0x0000000087f00000, 0x0000000087f00000| Untracked 
| 106|0x0000000088000000, 0x0000000088000000, 0x0000000088100000|  0%| F|  |TAMS 0x0000000088000000, 0x0000000088000000| Untracked 
| 107|0x0000000088100000, 0x0000000088100000, 0x0000000088200000|  0%| F|  |TAMS 0x0000000088100000, 0x0000000088100000| Untracked 
| 108|0x0000000088200000, 0x0000000088200000, 0x0000000088300000|  0%| F|  |TAMS 0x0000000088200000, 0x0000000088200000| Untracked 
| 109|0x0000000088300000, 0x0000000088300000, 0x0000000088400000|  0%| F|  |TAMS 0x0000000088300000, 0x0000000088300000| Untracked 
| 110|0x0000000088400000, 0x0000000088400000, 0x0000000088500000|  0%| F|  |TAMS 0x0000000088400000, 0x0000000088400000| Untracked 
| 111|0x0000000088500000, 0x0000000088500000, 0x0000000088600000|  0%| F|  |TAMS 0x0000000088500000, 0x0000000088500000| Untracked 
| 112|0x0000000088600000, 0x0000000088600000, 0x0000000088700000|  0%| F|  |TAMS 0x0000000088600000, 0x0000000088600000| Untracked 
| 113|0x0000000088700000, 0x0000000088700000, 0x0000000088800000|  0%| F|  |TAMS 0x0000000088700000, 0x0000000088700000| Untracked 
| 114|0x0000000088800000, 0x0000000088800000, 0x0000000088900000|  0%| F|  |TAMS 0x0000000088800000, 0x0000000088800000| Untracked 
| 115|0x0000000088900000, 0x0000000088900000, 0x0000000088a00000|  0%| F|  |TAMS 0x0000000088900000, 0x0000000088900000| Untracked 
| 116|0x0000000088a00000, 0x0000000088a00000, 0x0000000088b00000|  0%| F|  |TAMS 0x0000000088a00000, 0x0000000088a00000| Untracked 
| 117|0x0000000088b00000, 0x0000000088b00000, 0x0000000088c00000|  0%| F|  |TAMS 0x0000000088b00000, 0x0000000088b00000| Untracked 
| 118|0x0000000088c00000, 0x0000000088c00000, 0x0000000088d00000|  0%| F|  |TAMS 0x0000000088c00000, 0x0000000088c00000| Untracked 
| 119|0x0000000088d00000, 0x0000000088d00000, 0x0000000088e00000|  0%| F|  |TAMS 0x0000000088d00000, 0x0000000088d00000| Untracked 
| 120|0x0000000088e00000, 0x0000000088e00000, 0x0000000088f00000|  0%| F|  |TAMS 0x0000000088e00000, 0x0000000088e00000| Untracked 
| 121|0x0000000088f00000, 0x0000000088f00000, 0x0000000089000000|  0%| F|  |TAMS 0x0000000088f00000, 0x0000000088f00000| Untracked 
| 122|0x0000000089000000, 0x0000000089000000, 0x0000000089100000|  0%| F|  |TAMS 0x0000000089000000, 0x0000000089000000| Untracked 
| 123|0x0000000089100000, 0x0000000089100000, 0x0000000089200000|  0%| F|  |TAMS 0x0000000089100000, 0x0000000089100000| Untracked 
| 124|0x0000000089200000, 0x0000000089300000, 0x0000000089300000|100%| E|  |TAMS 0x0000000089200000, 0x0000000089200000| Complete 
| 125|0x0000000089300000, 0x0000000089400000, 0x0000000089400000|100%| E|CS|TAMS 0x0000000089300000, 0x0000000089300000| Complete 
| 126|0x0000000089400000, 0x0000000089500000, 0x0000000089500000|100%| E|CS|TAMS 0x0000000089400000, 0x0000000089400000| Complete 
| 127|0x0000000089500000, 0x0000000089600000, 0x0000000089600000|100%| E|CS|TAMS 0x0000000089500000, 0x0000000089500000| Complete 

Card table byte_map: [0x000002243e4c0000,0x000002243e8c0000] _byte_map_base: 0x000002243e0b5000

Marking Bits (Prev, Next): (CMBitMap*) 0x0000022426613c90, (CMBitMap*) 0x0000022426613c58
 Prev Bits: [0x0000022440c70000, 0x0000022442c18000)
 Next Bits: [0x000002243ecc0000, 0x0000022440c68000)

Polling page: 0x0000022424ca0000

Metaspace:

Usage:
  Non-class:     18.80 MB capacity,    18.40 MB ( 98%) used,   324.45 KB (  2%) free+waste,    76.06 KB ( <1%) overhead. 
      Class:      2.75 MB capacity,     2.47 MB ( 90%) used,   245.09 KB (  9%) free+waste,    39.06 KB (  1%) overhead. 
       Both:     21.55 MB capacity,    20.88 MB ( 97%) used,   569.54 KB (  3%) free+waste,   115.13 KB ( <1%) overhead. 

Virtual space:
  Non-class space:       20.00 MB reserved,      19.00 MB ( 95%) committed 
      Class space:        1.00 GB reserved,       2.75 MB ( <1%) committed 
             Both:        1.02 GB reserved,      21.75 MB (  2%) committed 

Chunk freelists:
   Non-Class:  2.13 KB
       Class:  0 bytes
        Both:  2.13 KB

CodeHeap 'non-profiled nmethods': size=120064Kb used=928Kb max_used=928Kb free=119135Kb
 bounds [0x0000022436560000, 0x00000224367d0000, 0x000002243daa0000]
CodeHeap 'profiled nmethods': size=120000Kb used=3423Kb max_used=3423Kb free=116576Kb
 bounds [0x000002242f030000, 0x000002242f390000, 0x0000022436560000]
CodeHeap 'non-nmethods': size=5696Kb used=1401Kb max_used=1462Kb free=4294Kb
 bounds [0x000002242eaa0000, 0x000002242ed10000, 0x000002242f030000]
 total_blobs=2613 nmethods=1877 adapters=655
 compilation: enabled
              stopped_count=0, restarted_count=0
 full_count=0

Compilation events (10 events):
Event: 7.675 Thread 0x0000022445283800 1873       1       com.sun.prism.impl.BaseTexture::getContentWidth (5 bytes)
Event: 7.675 Thread 0x0000022445283800 nmethod 1873 0x0000022436648010 code [0x00000224366481a0, 0x0000022436648258]
Event: 7.725 Thread 0x0000022445283800 1874       3       java.util.WeakHashMap$HashIterator::hasNext (95 bytes)
Event: 7.726 Thread 0x0000022445283800 nmethod 1874 0x000002242f386310 code [0x000002242f3864e0, 0x000002242f386a38]
Event: 7.757 Thread 0x0000022445283800 1875       3       javafx.scene.Scene::getRoot (22 bytes)
Event: 7.758 Thread 0x0000022445283800 nmethod 1875 0x000002242f386c10 code [0x000002242f386dc0, 0x000002242f3870c8]
Event: 7.761 Thread 0x0000022445283800 1876       3       com.sun.javafx.geom.transform.Identity::inverseDeltaTransform (20 bytes)
Event: 7.762 Thread 0x0000022445283800 nmethod 1876 0x000002242f387190 code [0x000002242f387360, 0x000002242f3876f8]
Event: 7.762 Thread 0x0000022445283800 1877       3       com.sun.javafx.binding.ExpressionHelper::fireValueChangedEvent (9 bytes)
Event: 7.762 Thread 0x0000022445283800 nmethod 1877 0x000002242f387890 code [0x000002242f387a40, 0x000002242f387c28]

GC Heap History (4 events):
Event: 1.930 GC heap before
{Heap before GC invocations=0 (full 0):
 garbage-first heap   total 131072K, used 14336K [0x0000000081600000, 0x0000000100000000)
  region size 1024K, 14 young (14336K), 0 survivors (0K)
 Metaspace       used 8731K, capacity 8949K, committed 9216K, reserved 1056768K
  class space    used 841K, capacity 928K, committed 1024K, reserved 1048576K
}
Event: 1.939 GC heap after
{Heap after GC invocations=1 (full 0):
 garbage-first heap   total 131072K, used 2019K [0x0000000081600000, 0x0000000100000000)
  region size 1024K, 2 young (2048K), 2 survivors (2048K)
 Metaspace       used 8731K, capacity 8949K, committed 9216K, reserved 1056768K
  class space    used 841K, capacity 928K, committed 1024K, reserved 1048576K
}
Event: 4.855 GC heap before
{Heap before GC invocations=1 (full 0):
 garbage-first heap   total 131072K, used 41955K [0x0000000081600000, 0x0000000100000000)
  region size 1024K, 43 young (44032K), 2 survivors (2048K)
 Metaspace       used 20506K, capacity 21146K, committed 21248K, reserved 1067008K
  class space    used 2433K, capacity 2719K, committed 2816K, reserved 1048576K
}
Event: 4.875 GC heap after
{Heap after GC invocations=2 (full 0):
 garbage-first heap   total 131072K, used 6144K [0x0000000081600000, 0x0000000100000000)
  region size 1024K, 6 young (6144K), 6 survivors (6144K)
 Metaspace       used 20506K, capacity 21146K, committed 21248K, reserved 1067008K
  class space    used 2433K, capacity 2719K, committed 2816K, reserved 1048576K
}

Deoptimization events (10 events):
Event: 3.357 Thread 0x00000224463bb000 Uncommon trap: reason=unstable_if action=reinterpret pc=0x00000224365d58f0 method=java.util.HashMap.resize()[Ljava/util/HashMap$Node; @ 203 c2
Event: 3.663 Thread 0x00000224463bb000 Uncommon trap: reason=intrinsic_or_type_checked_inlining action=make_not_entrant pc=0x00000224365e4f54 method=java.util.Arrays.copyOf([Ljava/lang/Object;ILjava/lang/Class;)[Ljava/lang/Object; @ 35 c2
Event: 3.837 Thread 0x00000224463bb000 Uncommon trap: reason=unstable_if action=reinterpret pc=0x00000224365f0c0c method=java.util.HashMap.hash(Ljava/lang/Object;)I @ 1 c2
Event: 3.921 Thread 0x00000224463bb000 Uncommon trap: reason=unstable_if action=reinterpret pc=0x00000224365830a4 method=java.util.HashMap.hash(Ljava/lang/Object;)I @ 1 c2
Event: 4.234 Thread 0x00000224463bb000 Uncommon trap: reason=unstable_if action=reinterpret pc=0x00000224365723e0 method=java.lang.StringLatin1.canEncode(I)Z @ 4 c2
Event: 4.467 Thread 0x00000224463bb000 Uncommon trap: reason=class_check action=maybe_recompile pc=0x000002243656fd64 method=java.lang.String.equals(Ljava/lang/Object;)Z @ 8 c2
Event: 4.467 Thread 0x00000224463bb000 Uncommon trap: reason=class_check action=maybe_recompile pc=0x000002243656fd64 method=java.lang.String.equals(Ljava/lang/Object;)Z @ 8 c2
Event: 4.467 Thread 0x00000224463bb000 Uncommon trap: reason=class_check action=maybe_recompile pc=0x000002243656fd64 method=java.lang.String.equals(Ljava/lang/Object;)Z @ 8 c2
Event: 4.469 Thread 0x00000224463bb000 Uncommon trap: reason=class_check action=maybe_recompile pc=0x000002243656fd64 method=java.lang.String.equals(Ljava/lang/Object;)Z @ 8 c2
Event: 7.663 Thread 0x00000224463bb000 Uncommon trap: reason=unstable_if action=reinterpret pc=0x00000224365b2c38 method=jdk.internal.org.objectweb.asm.Type.getArgumentsAndReturnSizes(Ljava/lang/String;)I @ 47 c2

Classes redefined (0 events):
No events

Internal exceptions (10 events):
Event: 3.836 Thread 0x00000224463bb000 Implicit null exception at 0x00000224365f0616 to 0x00000224365f0bf0
Event: 3.921 Thread 0x00000224463bb000 Implicit null exception at 0x0000022436582e2f to 0x0000022436583095
Event: 4.508 Thread 0x00000224463bb000 Exception <a 'java/lang/NoSuchMethodError'{0x0000000086fbd0d0}: java.lang.invoke.Invokers$Holder.linkToTargetMethod(Ljava/lang/Object;ILjava/lang/Object;)Ljava/lang/Object;> (0x0000000086fbd0d0) thrown at [./open/src/hotspot/share/interpreter/linkResolver
Event: 4.599 Thread 0x00000224463bb000 Exception <a 'java/lang/NoSuchMethodError'{0x0000000086e99038}: java.lang.invoke.DirectMethodHandle$Holder.invokeInterface(Ljava/lang/Object;Ljava/lang/Object;Ljava/lang/Object;)Ljava/lang/Object;> (0x0000000086e99038) thrown at [./open/src/hotspot/share/
Event: 4.600 Thread 0x00000224463bb000 Exception <a 'java/lang/IncompatibleClassChangeError'{0x0000000086e9c498}: Found class java.lang.Object, but interface was expected> (0x0000000086e9c498) thrown at [./open/src/hotspot/share/interpreter/linkResolver.cpp, line 838]
Event: 4.762 Thread 0x00000224469f0800 Exception <a 'java/lang/NoSuchMethodError'{0x0000000088fba598}: java.lang.invoke.DirectMethodHandle$Holder.invokeStaticInit(Ljava/lang/Object;Ljava/lang/Object;)I> (0x0000000088fba598) thrown at [./open/src/hotspot/share/interpreter/linkResolver.cpp, line
Event: 7.663 Thread 0x00000224463bb000 Exception <a 'java/lang/NoSuchMethodError'{0x0000000089293ba8}: java.lang.invoke.DirectMethodHandle$Holder.invokeStaticInit(Ljava/lang/Object;Ljava/lang/Object;Ljava/lang/Object;)J> (0x0000000089293ba8) thrown at [./open/src/hotspot/share/interpreter/link
Event: 7.667 Thread 0x00000224463bb000 Exception <a 'java/lang/NoSuchMethodError'{0x00000000892ac1e8}: java.lang.invoke.DirectMethodHandle$Holder.invokeStatic(Ljava/lang/Object;Ljava/lang/Object;J)Ljava/lang/Object;> (0x00000000892ac1e8) thrown at [./open/src/hotspot/share/interpreter/linkReso
Event: 7.668 Thread 0x00000224463bb000 Exception <a 'java/lang/NoSuchMethodError'{0x00000000892b2608}: java.lang.invoke.Invokers$Holder.linkToTargetMethod(Ljava/lang/Object;JLjava/lang/Object;)Ljava/lang/Object;> (0x00000000892b2608) thrown at [./open/src/hotspot/share/interpreter/linkResolver
Event: 12.823 Thread 0x00000224463bb000 Exception <a 'sun/nio/fs/WindowsException'{0x00000000892bf1b0}> (0x00000000892bf1b0) thrown at [./open/src/hotspot/share/prims/jni.cpp, line 611]

Events (10 events):
Event: 56.064 Executing VM operation: SetFramePop
Event: 56.064 Executing VM operation: SetFramePop done
Event: 56.064 Executing VM operation: GetFrameLocation
Event: 56.064 Executing VM operation: GetFrameLocation done
Event: 56.064 Executing VM operation: GetCurrentLocation
Event: 56.064 Executing VM operation: GetCurrentLocation done
Event: 56.064 Executing VM operation: ChangeSingleStep
Event: 56.064 Executing VM operation: ChangeSingleStep done
Event: 56.065 Executing VM operation: ChangeSingleStep
Event: 56.065 Executing VM operation: ChangeSingleStep done


Dynamic libraries:
0x00007ff701370000 - 0x00007ff70137f000 	C:\Program Files\Java\jdk-11.0.12\bin\java.exe
0x00007ffa03750000 - 0x00007ffa03945000 	C:\WINDOWS\SYSTEM32\ntdll.dll
0x00007ffa024b0000 - 0x00007ffa0256d000 	C:\WINDOWS\System32\KERNEL32.DLL
0x00007ffa01360000 - 0x00007ffa0162d000 	C:\WINDOWS\System32\KERNELBASE.dll
0x00007ffa00f60000 - 0x00007ffa01060000 	C:\WINDOWS\System32\ucrtbase.dll
0x00007ff9fdfe0000 - 0x00007ff9fdff5000 	C:\Program Files\Java\jdk-11.0.12\bin\VCRUNTIME140.dll
0x00007ff9fb980000 - 0x00007ff9fb998000 	C:\Program Files\Java\jdk-11.0.12\bin\jli.dll
0x00007ffa01f80000 - 0x00007ffa0202e000 	C:\WINDOWS\System32\ADVAPI32.dll
0x00007ffa02da0000 - 0x00007ffa02e3e000 	C:\WINDOWS\System32\msvcrt.dll
0x00007ffa02d00000 - 0x00007ffa02d9c000 	C:\WINDOWS\System32\sechost.dll
0x00007ffa03540000 - 0x00007ffa03665000 	C:\WINDOWS\System32\RPCRT4.dll
0x00007ffa02660000 - 0x00007ffa02800000 	C:\WINDOWS\System32\USER32.dll
0x00007ffa01770000 - 0x00007ffa01792000 	C:\WINDOWS\System32\win32u.dll
0x00007ffa02e40000 - 0x00007ffa02e6a000 	C:\WINDOWS\System32\GDI32.dll
0x00007ffa01660000 - 0x00007ffa0176b000 	C:\WINDOWS\System32\gdi32full.dll
0x00007ffa01270000 - 0x00007ffa0130d000 	C:\WINDOWS\System32\msvcp_win.dll
0x00007ff9d7c80000 - 0x00007ff9d7f1a000 	C:\WINDOWS\WinSxS\amd64_microsoft.windows.common-controls_6595b64144ccf1df_6.0.19041.1110_none_60b5254171f9507e\COMCTL32.dll
0x00007ff9f5410000 - 0x00007ff9f541a000 	C:\WINDOWS\SYSTEM32\VERSION.dll
0x00007ffa017a0000 - 0x00007ffa017d0000 	C:\WINDOWS\System32\IMM32.DLL
0x00007ff9f2de0000 - 0x00007ff9f2e7b000 	C:\Program Files\Java\jdk-11.0.12\bin\msvcp140.dll
0x00007ff9a1ae0000 - 0x00007ff9a25df000 	C:\Program Files\Java\jdk-11.0.12\bin\server\jvm.dll
0x00007ffa03670000 - 0x00007ffa03678000 	C:\WINDOWS\System32\PSAPI.DLL
0x00007ff9fdfc0000 - 0x00007ff9fdfc9000 	C:\WINDOWS\SYSTEM32\WSOCK32.dll
0x00007ffa03100000 - 0x00007ffa0316b000 	C:\WINDOWS\System32\WS2_32.dll
0x00007ff9e33c0000 - 0x00007ff9e33e7000 	C:\WINDOWS\SYSTEM32\WINMM.dll
0x00007ff9ff6f0000 - 0x00007ff9ff702000 	C:\WINDOWS\SYSTEM32\kernel.appcore.dll
0x00007ff9fdfb0000 - 0x00007ff9fdfc0000 	C:\Program Files\Java\jdk-11.0.12\bin\verify.dll
0x00007ff9f4f40000 - 0x00007ff9f5124000 	C:\WINDOWS\SYSTEM32\DBGHELP.DLL
0x00007ff9f4f10000 - 0x00007ff9f4f3c000 	C:\WINDOWS\SYSTEM32\dbgcore.DLL
0x00007ffa00ed0000 - 0x00007ffa00f52000 	C:\WINDOWS\System32\bcryptPrimitives.dll
0x00007ff9fb390000 - 0x00007ff9fb3b8000 	C:\Program Files\Java\jdk-11.0.12\bin\java.dll
0x00007ff9fb970000 - 0x00007ff9fb97a000 	C:\Program Files\Java\jdk-11.0.12\bin\jimage.dll
0x00007ff9f2ee0000 - 0x00007ff9f2f18000 	C:\Program Files\Java\jdk-11.0.12\bin\jdwp.dll
0x00007ff9fb360000 - 0x00007ff9fb36e000 	C:\Program Files\Java\jdk-11.0.12\bin\instrument.dll
0x00007ff9fb370000 - 0x00007ff9fb386000 	C:\Program Files\Java\jdk-11.0.12\bin\zip.dll
0x00007ffa017d0000 - 0x00007ffa01f14000 	C:\WINDOWS\System32\SHELL32.dll
0x00007ff9fef40000 - 0x00007ff9ff6d4000 	C:\WINDOWS\SYSTEM32\windows.storage.dll
0x00007ffa029a0000 - 0x00007ffa02cf4000 	C:\WINDOWS\System32\combase.dll
0x00007ffa008c0000 - 0x00007ffa008ec000 	C:\WINDOWS\SYSTEM32\Wldp.dll
0x00007ffa032f0000 - 0x00007ffa0339d000 	C:\WINDOWS\System32\SHCORE.dll
0x00007ffa02940000 - 0x00007ffa02995000 	C:\WINDOWS\System32\shlwapi.dll
0x00007ffa00da0000 - 0x00007ffa00dbf000 	C:\WINDOWS\SYSTEM32\profapi.dll
0x00007ff9f2ec0000 - 0x00007ff9f2ed9000 	C:\Program Files\Java\jdk-11.0.12\bin\net.dll
0x00007ff9f8e90000 - 0x00007ff9f8f9a000 	C:\WINDOWS\SYSTEM32\WINHTTP.dll
0x00007ffa00620000 - 0x00007ffa0068a000 	C:\WINDOWS\system32\mswsock.dll
0x00007ff9f2c50000 - 0x00007ff9f2c62000 	C:\Program Files\Java\jdk-11.0.12\bin\nio.dll
0x00007ff9fb350000 - 0x00007ff9fb35a000 	C:\Program Files\Java\jdk-11.0.12\bin\dt_socket.dll
0x0000022424de0000 - 0x0000022424de3000 	C:\Program Files\Java\jdk-11.0.12\bin\api-ms-win-core-console-l1-1-0.dll
0x0000022424df0000 - 0x0000022424df3000 	C:\Program Files\Java\jdk-11.0.12\bin\api-ms-win-core-datetime-l1-1-0.dll
0x0000022424e00000 - 0x0000022424e03000 	C:\Program Files\Java\jdk-11.0.12\bin\api-ms-win-core-debug-l1-1-0.dll
0x0000022447790000 - 0x0000022447793000 	C:\Program Files\Java\jdk-11.0.12\bin\api-ms-win-core-errorhandling-l1-1-0.dll
0x00000224477a0000 - 0x00000224477a4000 	C:\Program Files\Java\jdk-11.0.12\bin\api-ms-win-core-file-l1-1-0.dll
0x00000224477b0000 - 0x00000224477b3000 	C:\Program Files\Java\jdk-11.0.12\bin\api-ms-win-core-file-l1-2-0.dll
0x00000224477c0000 - 0x00000224477c3000 	C:\Program Files\Java\jdk-11.0.12\bin\api-ms-win-core-file-l2-1-0.dll
0x00000224477d0000 - 0x00000224477d3000 	C:\Program Files\Java\jdk-11.0.12\bin\api-ms-win-core-handle-l1-1-0.dll
0x00000224477e0000 - 0x00000224477e3000 	C:\Program Files\Java\jdk-11.0.12\bin\api-ms-win-core-heap-l1-1-0.dll
0x00000224477f0000 - 0x00000224477f3000 	C:\Program Files\Java\jdk-11.0.12\bin\api-ms-win-core-interlocked-l1-1-0.dll
0x0000022447800000 - 0x0000022447803000 	C:\Program Files\Java\jdk-11.0.12\bin\api-ms-win-core-libraryloader-l1-1-0.dll
0x0000022447810000 - 0x0000022447813000 	C:\Program Files\Java\jdk-11.0.12\bin\api-ms-win-core-localization-l1-2-0.dll
0x0000022447820000 - 0x0000022447823000 	C:\Program Files\Java\jdk-11.0.12\bin\api-ms-win-core-memory-l1-1-0.dll
0x0000022447830000 - 0x0000022447833000 	C:\Program Files\Java\jdk-11.0.12\bin\api-ms-win-core-namedpipe-l1-1-0.dll
0x0000022447840000 - 0x0000022447843000 	C:\Program Files\Java\jdk-11.0.12\bin\api-ms-win-core-processenvironment-l1-1-0.dll
0x0000022447850000 - 0x0000022447853000 	C:\Program Files\Java\jdk-11.0.12\bin\api-ms-win-core-processthreads-l1-1-0.dll
0x0000022447860000 - 0x0000022447863000 	C:\Program Files\Java\jdk-11.0.12\bin\api-ms-win-core-processthreads-l1-1-1.dll
0x0000022447870000 - 0x0000022447873000 	C:\Program Files\Java\jdk-11.0.12\bin\api-ms-win-core-profile-l1-1-0.dll
0x0000022447880000 - 0x0000022447883000 	C:\Program Files\Java\jdk-11.0.12\bin\api-ms-win-core-rtlsupport-l1-1-0.dll
0x0000022447890000 - 0x0000022447893000 	C:\Program Files\Java\jdk-11.0.12\bin\api-ms-win-core-string-l1-1-0.dll
0x00000224478a0000 - 0x00000224478a3000 	C:\Program Files\Java\jdk-11.0.12\bin\api-ms-win-core-synch-l1-1-0.dll
0x00000224478b0000 - 0x00000224478b3000 	C:\Program Files\Java\jdk-11.0.12\bin\api-ms-win-core-synch-l1-2-0.dll
0x00000224478c0000 - 0x00000224478c3000 	C:\Program Files\Java\jdk-11.0.12\bin\api-ms-win-core-sysinfo-l1-1-0.dll
0x00000224478d0000 - 0x00000224478d3000 	C:\Program Files\Java\jdk-11.0.12\bin\api-ms-win-core-timezone-l1-1-0.dll
0x00000224478e0000 - 0x00000224478e3000 	C:\Program Files\Java\jdk-11.0.12\bin\api-ms-win-core-util-l1-1-0.dll
0x00000224478f0000 - 0x00000224478f3000 	C:\Program Files\Java\jdk-11.0.12\bin\api-ms-win-crt-conio-l1-1-0.dll
0x0000022447900000 - 0x0000022447904000 	C:\Program Files\Java\jdk-11.0.12\bin\api-ms-win-crt-convert-l1-1-0.dll
0x0000022447910000 - 0x0000022447913000 	C:\Program Files\Java\jdk-11.0.12\bin\api-ms-win-crt-environment-l1-1-0.dll
0x0000022447920000 - 0x0000022447923000 	C:\Program Files\Java\jdk-11.0.12\bin\api-ms-win-crt-filesystem-l1-1-0.dll
0x0000022447930000 - 0x0000022447933000 	C:\Program Files\Java\jdk-11.0.12\bin\api-ms-win-crt-heap-l1-1-0.dll
0x0000022447940000 - 0x0000022447943000 	C:\Program Files\Java\jdk-11.0.12\bin\api-ms-win-crt-locale-l1-1-0.dll
0x0000022447950000 - 0x0000022447955000 	C:\Program Files\Java\jdk-11.0.12\bin\api-ms-win-crt-math-l1-1-0.dll
0x0000022447960000 - 0x0000022447965000 	C:\Program Files\Java\jdk-11.0.12\bin\api-ms-win-crt-multibyte-l1-1-0.dll
0x0000022447970000 - 0x0000022447980000 	C:\Program Files\Java\jdk-11.0.12\bin\api-ms-win-crt-private-l1-1-0.dll
0x0000022447980000 - 0x0000022447983000 	C:\Program Files\Java\jdk-11.0.12\bin\api-ms-win-crt-process-l1-1-0.dll
0x0000022447990000 - 0x0000022447994000 	C:\Program Files\Java\jdk-11.0.12\bin\api-ms-win-crt-runtime-l1-1-0.dll
0x00000224479a0000 - 0x00000224479a4000 	C:\Program Files\Java\jdk-11.0.12\bin\api-ms-win-crt-stdio-l1-1-0.dll
0x00000224479b0000 - 0x00000224479b4000 	C:\Program Files\Java\jdk-11.0.12\bin\api-ms-win-crt-string-l1-1-0.dll
0x00000224479c0000 - 0x00000224479c3000 	C:\Program Files\Java\jdk-11.0.12\bin\api-ms-win-crt-time-l1-1-0.dll
0x00000224479d0000 - 0x00000224479d3000 	C:\Program Files\Java\jdk-11.0.12\bin\api-ms-win-crt-utility-l1-1-0.dll
0x00007ff9f20d0000 - 0x00007ff9f21ca000 	C:\Program Files\Java\jdk-11.0.12\bin\ucrtbase.dll
0x00007ff9f2bf0000 - 0x00007ff9f2c3e000 	C:\Windows\System32\concrt140.dll
0x00007ff9eccf0000 - 0x00007ff9eccfc000 	C:\WINDOWS\SYSTEM32\VCRUNTIME140_1.dll
0x00007ff9f2c70000 - 0x00007ff9f2c93000 	C:\Users\lcesa\.openjfx\cache\11.0.2\prism_d3d.dll
0x00007ff9fa8d0000 - 0x00007ff9faa9f000 	C:\WINDOWS\system32\d3d9.dll
0x00007ff9fec50000 - 0x00007ff9fec7f000 	C:\WINDOWS\SYSTEM32\dwmapi.dll
0x00007ff9fe2d0000 - 0x00007ff9fe36e000 	C:\WINDOWS\system32\uxtheme.dll
0x00007ff9a25e0000 - 0x00007ff9a4b1d000 	C:\WINDOWS\SYSTEM32\igdumdim64.dll
0x00007ffa03220000 - 0x00007ffa032ed000 	C:\WINDOWS\System32\OLEAUT32.dll
0x00007ffa02800000 - 0x00007ffa0292a000 	C:\WINDOWS\System32\ole32.dll
0x00007ffa02030000 - 0x00007ffa024a1000 	C:\WINDOWS\System32\SETUPAPI.dll
0x00007ffa01310000 - 0x00007ffa0135e000 	C:\WINDOWS\System32\cfgmgr32.dll
0x00007ffa01630000 - 0x00007ffa01657000 	C:\WINDOWS\System32\bcrypt.dll
0x00007ff9f2ba0000 - 0x00007ff9f2be5000 	C:\Users\lcesa\.openjfx\cache\11.0.2\glass.dll
0x00007ffa02e70000 - 0x00007ffa02f4b000 	C:\WINDOWS\System32\COMDLG32.dll
0x00007ffa03400000 - 0x00007ffa03515000 	C:\WINDOWS\System32\MSCTF.dll
0x00007ff9f62f0000 - 0x00007ff9f6d30000 	C:\WINDOWS\SYSTEM32\igdusc64.dll
0x00007ff9f7e00000 - 0x00007ff9f7e3b000 	C:\WINDOWS\SYSTEM32\dxcore.dll
0x00007ff9f1d00000 - 0x00007ff9f1d14000 	C:\Users\lcesa\.openjfx\cache\11.0.2\javafx_font.dll
0x00007ff9ddd30000 - 0x00007ff9ddfaf000 	C:\WINDOWS\SYSTEM32\dwrite.dll
0x00007ffa03170000 - 0x00007ffa03219000 	C:\WINDOWS\System32\clbcatq.dll
0x00007ff9fb3c0000 - 0x00007ff9fb574000 	C:\WINDOWS\SYSTEM32\WindowsCodecs.dll
0x00007ff9e3660000 - 0x00007ff9e369e000 	C:\WINDOWS\system32\dataexchange.dll
0x00007ff9fcc60000 - 0x00007ff9fcec4000 	C:\WINDOWS\system32\d3d11.dll
0x00007ff9fd490000 - 0x00007ff9fd675000 	C:\WINDOWS\system32\dcomp.dll
0x00007ff9ff760000 - 0x00007ff9ff853000 	C:\WINDOWS\system32\dxgi.dll
0x00007ff9fb710000 - 0x00007ff9fb911000 	C:\WINDOWS\system32\twinapi.appcore.dll
0x00007ff9fb930000 - 0x00007ff9fb964000 	C:\Program Files\Common Files\Microsoft Shared\Ink\rtscom.dll
0x00007ff9ed450000 - 0x00007ff9ed549000 	C:\WINDOWS\SYSTEM32\textinputframework.dll
0x00007ff9fd680000 - 0x00007ff9fd9de000 	C:\WINDOWS\System32\CoreUIComponents.dll
0x00007ff9fdd60000 - 0x00007ff9fde52000 	C:\WINDOWS\System32\CoreMessaging.dll
0x00007ff9ffb60000 - 0x00007ff9ffb93000 	C:\WINDOWS\SYSTEM32\ntmarta.dll
0x00007ff9fc560000 - 0x00007ff9fc6b4000 	C:\WINDOWS\SYSTEM32\wintypes.dll
0x00007ff9fb290000 - 0x00007ff9fb2f6000 	C:\WINDOWS\system32\Oleacc.dll

dbghelp: loaded successfully - version: 4.0.5 - missing functions: none
symbol engine: initialized successfully - sym options: 0x614 - pdb path: .;C:\Program Files\Java\jdk-11.0.12\bin;C:\WINDOWS\SYSTEM32;C:\WINDOWS\WinSxS\amd64_microsoft.windows.common-controls_6595b64144ccf1df_6.0.19041.1110_none_60b5254171f9507e;C:\Program Files\Java\jdk-11.0.12\bin\server;C:\Users\lcesa\.openjfx\cache\11.0.2;C:\Program Files\Common Files\Microsoft Shared\Ink

VM Arguments:
jvm_args: -agentlib:jdwp=transport=dt_socket,address=127.0.0.1:53015,suspend=y,server=n -javaagent:C:\Users\lcesa\AppData\Local\JetBrains\IdeaIC2021.2\captureAgent\debugger-agent.jar -Dfile.encoding=UTF-8 --module-path=C:\Users\lcesa\.m2\repository\org\openjfx\javafx-base\11.0.2\javafx-base-11.0.2-win.jar;C:\Users\lcesa\.m2\repository\org\openjfx\javafx-fxml\11.0.2\javafx-fxml-11.0.2-win.jar;C:\Users\lcesa\.m2\repository\org\openjfx\javafx-graphics\11.0.2\javafx-graphics-11.0.2-win.jar;C:\Users\lcesa\.m2\repository\org\openjfx\javafx-controls\11.0.2\javafx-controls-11.0.2-win.jar;C:\Programacao\GerenciadorDeGastos\target\classes -Djdk.module.main=com.example.gerenciadordegastos 
java_command: com.example.gerenciadordegastos/com.example.gerenciadordegastos.Main
java_class_path (initial): C:\Users\lcesa\.m2\repository\org\openjfx\javafx-controls\11.0.2\javafx-controls-11.0.2.jar;C:\Users\lcesa\.m2\repository\org\openjfx\javafx-graphics\11.0.2\javafx-graphics-11.0.2.jar;C:\Users\lcesa\.m2\repository\org\openjfx\javafx-base\11.0.2\javafx-base-11.0.2.jar;C:\Users\lcesa\.m2\repository\org\openjfx\javafx-fxml\11.0.2\javafx-fxml-11.0.2.jar;C:\GerenciadorDeGastos\jaybird-4.0.6.java11\jaybird-full-4.0.6.java11.jar;C:\Program Files\JetBrains\IntelliJ IDEA Community Edition 2021.2.3\lib\idea_rt.jar
Launcher Type: SUN_STANDARD

[Global flags]
     intx CICompilerCount                          = 3                                         {product} {ergonomic}
     uint ConcGCThreads                            = 1                                         {product} {ergonomic}
     uint G1ConcRefinementThreads                  = 4                                         {product} {ergonomic}
   size_t G1HeapRegionSize                         = 1048576                                   {product} {ergonomic}
    uintx GCDrainStackTargetSize                   = 64                                        {product} {ergonomic}
   size_t InitialHeapSize                          = 134217728                                 {product} {ergonomic}
   size_t MarkStackSize                            = 4194304                                   {product} {ergonomic}
   size_t MaxHeapSize                              = 2124414976                                {product} {ergonomic}
   size_t MaxNewSize                               = 1274019840                                {product} {ergonomic}
   size_t MinHeapDeltaBytes                        = 1048576                                   {product} {ergonomic}
    uintx NonNMethodCodeHeapSize                   = 5830732                                {pd product} {ergonomic}
    uintx NonProfiledCodeHeapSize                  = 122913754                              {pd product} {ergonomic}
    uintx ProfiledCodeHeapSize                     = 122913754                              {pd product} {ergonomic}
    uintx ReservedCodeCacheSize                    = 251658240                              {pd product} {ergonomic}
     bool SegmentedCodeCache                       = true                                      {product} {ergonomic}
     bool UseCompressedClassPointers               = true                                 {lp64_product} {ergonomic}
     bool UseCompressedOops                        = true                                 {lp64_product} {ergonomic}
     bool UseG1GC                                  = true                                      {product} {ergonomic}
     bool UseLargePagesIndividualAllocation        = false                                  {pd product} {ergonomic}

Logging:
Log output configuration:
 #0: stdout all=warning uptime,level,tags
 #1: stderr all=off uptime,level,tags

Environment Variables:
JAVA_HOME=C:\Program Files\Java\jdk-11.0.12
PATH=C:\Program Files\Java\jdk-11.0.12\bin;C:\Program Files\Java\jdk1.7.0_80\bin;C:\Program Files\Common Files\Oracle\Java\javapath;C:\Program Files\Zulu\zulu-16\bin\;C:\Program Files (x86)\Common Files\Oracle\Java\javapath;C:\WINDOWS\system32;C:\WINDOWS;C:\WINDOWS\System32\Wbem;C:\WINDOWS\System32\WindowsPowerShell\v1.0\;C:\WINDOWS\System32\OpenSSH\;C:\Program Files\NVIDIA Corporation\NVIDIA NvDLISR;C:\Program Files (x86)\NVIDIA Corporation\PhysX\Common;C:\Program Files\Git\cmd;C:\Program Files\Microsoft SQL Server\Client SDK\ODBC\170\Tools\Binn\;C:\Program Files (x86)\Microsoft SQL Server\150\Tools\Binn\;C:\Program Files\Microsoft SQL Server\150\Tools\Binn\;C:\Program Files\Microsoft SQL Server\150\DTS\Binn\;C:\Program Files (x86)\Microsoft SQL Server\150\DTS\Binn\;C:\Program Files\Azure Data Studio\bin;C:\ProgramData\UNIVALI\Portugol Studio;C:\Program Files\MySQL\MySQL Shell 8.0\bin\;C:\Users\lcesa\AppData\Local\Microsoft\WindowsApps;C:\Users\lcesa\AppData\Local\GitHubDesktop\bin;C:\Program Files\Azure Data Studio\bin
USERNAME=lcesa
OS=Windows_NT
PROCESSOR_IDENTIFIER=Intel64 Family 6 Model 61 Stepping 4, GenuineIntel



---------------  S Y S T E M  ---------------

OS: Windows 10 , 64 bit Build 19041 (10.0.19041.1706)

CPU:total 4 (initial active 4) (2 cores per cpu, 2 threads per core) family 6 model 61 stepping 4 microcode 0x2d, cmov, cx8, fxsr, mmx, sse, sse2, sse3, ssse3, sse4.1, sse4.2, popcnt, avx, avx2, aes, clmul, erms, 3dnowpref, lzcnt, ht, tsc, tscinvbit, bmi1, bmi2, adx, fma

Memory: 4k page, system-wide physical 8103M (2041M free)
TotalPageFile size 11098M (AvailPageFile size 2094M)
current process WorkingSet (physical memory assigned to process): 135M, peak: 184M
current process commit charge ("private bytes"): 257M, peak: 310M

vm_info: Java HotSpot(TM) 64-Bit Server VM (11.0.12+8-LTS-237) for windows-amd64 JRE (11.0.12+8-LTS-237), built on Jun  8 2021 11:25:59 by "mach5one" with MS VC++ 15.9 (VS2017)

END.
